<?xml version="1.0" encoding="UTF-8"?>
<!-- Generated by org.testng.reporters.JUnitXMLReporter -->
<testsuite hostname="abc-PC" name="RespondToQuery Via Email" tests="5" failures="1" timestamp="21 Nov 2017 10:50:34 GMT" time="148.536" errors="0">
  <testcase name="sendQuery" time="45.392" classname="tests.RespondViaMailTest"/>
  <testcase name="respondingViaMailWhileLogin" time="39.19" classname="tests.RespondViaMailTest"/>
  <testcase name="verifyQueryLink" time="11.465" classname="tests.RespondViaMailTest"/>
  <testcase name="verifyStatusLink" time="0.147" classname="tests.RespondViaMailTest">
    <failure type="java.lang.AssertionError" message="The following asserts failed:
expected [true] but found [false], expected [true] but found [false]">
      <![CDATA[java.lang.AssertionError: The following asserts failed:
expected [true] but found [false], expected [true] but found [false]
	at steps.ActiveProjectsSteps.verifyingStatusLnkSteps(ActiveProjectsSteps.java:105)
	at tests.RespondViaMailTest.verifyStatusLink(RespondViaMailTest.java:62)
... Removed 25 stack frames]]>
    </failure>
  </testcase> <!-- verifyStatusLink -->
  <testcase name="respondingViaMailNotLogin" time="31.431" classname="tests.RespondViaMailTest"/>
</testsuite> <!-- RespondToQuery Via Email -->
