<?xml version="1.0" encoding="UTF-8"?>
<testsuite name="UploadProfilePic"
           tests="4"
           failures="1"
           errors="0"
           skipped="3"
           time="0.000">
  <properties />
            <testcase name="start" time="0.000" classname="tests.UploadProfilePicTest">
                <failure type="java.lang.IllegalStateException"
                  message="The driver is not executable: /home/devstringx/Downloads/Mediaferry/Mediaferry/src/../libs/chromedriver"
              >
<![CDATA[java.lang.IllegalStateException: The driver is not executable: /home/devstringx/Downloads/Mediaferry/Mediaferry/src/../libs/chromedriver
  com.google.common.base.Preconditions.checkState(Preconditions.java:534)
  org.openqa.selenium.remote.service.DriverService.checkExecutable(DriverService.java:140)
  org.openqa.selenium.remote.service.DriverService.findExecutable(DriverService.java:131)
  org.openqa.selenium.chrome.ChromeDriverService.access$000(ChromeDriverService.java:32)
  org.openqa.selenium.chrome.ChromeDriverService$Builder.findDefaultExecutable(ChromeDriverService.java:137)
  org.openqa.selenium.remote.service.DriverService$Builder.build(DriverService.java:329)
  org.openqa.selenium.chrome.ChromeDriverService.createDefaultService(ChromeDriverService.java:88)
  org.openqa.selenium.chrome.ChromeDriver.<init>(ChromeDriver.java:124)
  BaseClasses.Driver.createDriver(Driver.java:178)
  tests.UploadProfilePicTest.start(UploadProfilePicTest.java:28)
  sun.reflect.NativeMethodAccessorImpl.invoke0(Native Method)
  sun.reflect.NativeMethodAccessorImpl.invoke(NativeMethodAccessorImpl.java:62)
  sun.reflect.DelegatingMethodAccessorImpl.invoke(DelegatingMethodAccessorImpl.java:43)
  java.lang.reflect.Method.invoke(Method.java:498)
  org.testng.internal.MethodInvocationHelper.invokeMethod(MethodInvocationHelper.java:85)
  org.testng.internal.Invoker.invokeConfigurationMethod(Invoker.java:517)
  org.testng.internal.Invoker.invokeConfigurations(Invoker.java:213)
  org.testng.internal.Invoker.invokeConfigurations(Invoker.java:140)
  org.testng.TestRunner.beforeRun(TestRunner.java:645)
  org.testng.TestRunner.run(TestRunner.java:613)
  org.testng.SuiteRunner.runTest(SuiteRunner.java:357)
  org.testng.SuiteRunner.runSequentially(SuiteRunner.java:352)
  org.testng.SuiteRunner.privateRun(SuiteRunner.java:310)
  org.testng.SuiteRunner.run(SuiteRunner.java:259)
  org.testng.SuiteRunnerWorker.runSuite(SuiteRunnerWorker.java:52)
  org.testng.SuiteRunnerWorker.run(SuiteRunnerWorker.java:86)
  org.testng.TestNG.runSuitesSequentially(TestNG.java:1199)
  org.testng.TestNG.runSuitesLocally(TestNG.java:1124)
  org.testng.TestNG.run(TestNG.java:1032)
  org.testng.IDEARemoteTestNG.run(IDEARemoteTestNG.java:72)
  org.testng.RemoteTestNGStarter.main(RemoteTestNGStarter.java:123)
]]>
      </failure>

          </testcase>
  
            <testcase name="tearDown" time="0.0" classname="tests.UploadProfilePicTest">
          <skipped />
    </testcase>
            <testcase name="loginWithValidCredentials" time="0.0" classname="tests.UploadProfilePicTest">
          <skipped />
    </testcase>
            <testcase name="uploadProfile" time="0.0" classname="tests.UploadProfilePicTest">
          <skipped />
    </testcase>
  
  
</testsuite>
