<?xml version="1.0" encoding="UTF-8"?>
<testsuite name="Proofing From Activity Feed"
           tests="1"
           failures="1"
           errors="0"
           skipped="0"
           time="169.399">
  <properties />
            <testcase name="ApproveActionFunctionality" time="169.399" classname="tests.ProofingFromActivityFeedTest">
                <failure type="org.openqa.selenium.TimeoutException"
                  message="Expected condition failed: waiting for presence of element located by: By.xpath: //span[contains(text(),&apos;My Test Project  144_2017-11-27&apos;)] (tried for 120 second(s) with 500 MILLISECONDS interval)"
              >
<![CDATA[org.openqa.selenium.TimeoutException: Expected condition failed: waiting for presence of element located by: By.xpath: //span[contains(text(),'My Test Project  144_2017-11-27')] (tried for 120 second(s) with 500 MILLISECONDS interval)
  org.openqa.selenium.support.ui.WebDriverWait.timeoutException(WebDriverWait.java:80)
  org.openqa.selenium.support.ui.FluentWait.until(FluentWait.java:232)
  BaseClasses.BasePage.waitForElementPresence(BasePage.java:27)
  pages.CreateNewProjectPage.verifyJobUploadedSuccessfully(CreateNewProjectPage.java:237)
  steps.CreateNewProjectSteps.submittingJob(CreateNewProjectSteps.java:89)
  tests.ProofingFromActivityFeedTest.ApproveActionFunctionality(ProofingFromActivityFeedTest.java:54)
  sun.reflect.NativeMethodAccessorImpl.invoke0(Native Method)
  sun.reflect.NativeMethodAccessorImpl.invoke(NativeMethodAccessorImpl.java:62)
  sun.reflect.DelegatingMethodAccessorImpl.invoke(DelegatingMethodAccessorImpl.java:43)
  java.lang.reflect.Method.invoke(Method.java:498)
  org.testng.internal.MethodInvocationHelper.invokeMethod(MethodInvocationHelper.java:85)
  org.testng.internal.Invoker.invokeMethod(Invoker.java:659)
  org.testng.internal.Invoker.invokeTestMethod(Invoker.java:845)
  org.testng.internal.Invoker.invokeTestMethods(Invoker.java:1153)
  org.testng.internal.TestMethodWorker.invokeTestMethods(TestMethodWorker.java:125)
  org.testng.internal.TestMethodWorker.run(TestMethodWorker.java:108)
  org.testng.TestRunner.privateRun(TestRunner.java:771)
  org.testng.TestRunner.run(TestRunner.java:621)
  org.testng.SuiteRunner.runTest(SuiteRunner.java:357)
  org.testng.SuiteRunner.runSequentially(SuiteRunner.java:352)
  org.testng.SuiteRunner.privateRun(SuiteRunner.java:310)
  org.testng.SuiteRunner.run(SuiteRunner.java:259)
  org.testng.SuiteRunnerWorker.runSuite(SuiteRunnerWorker.java:52)
  org.testng.SuiteRunnerWorker.run(SuiteRunnerWorker.java:86)
  org.testng.TestNG.runSuitesSequentially(TestNG.java:1199)
  org.testng.TestNG.runSuitesLocally(TestNG.java:1124)
  org.testng.TestNG.run(TestNG.java:1032)
  org.testng.IDEARemoteTestNG.run(IDEARemoteTestNG.java:72)
  org.testng.RemoteTestNGStarter.main(RemoteTestNGStarter.java:123)
Caused by: org.openqa.selenium.NoSuchElementException: Cannot locate an element using By.xpath: //span[contains(text(),'My Test Project  144_2017-11-27')]
For documentation on this error, please visit: http://seleniumhq.org/exceptions/no_such_element.html
Build info: version: '3.5.3', revision: 'a88d25fe6b', time: '2017-08-29T12:42:44.417Z'
System info: host: 'devstringx-desktop', ip: '127.0.1.1', os.name: 'Linux', os.arch: 'amd64', os.version: '4.10.0-40-generic', java.version: '1.8.0_151'
Driver info: driver.version: unknown
  org.openqa.selenium.support.ui.ExpectedConditions.lambda$findElement$0(ExpectedConditions.java:883)
  java.util.Optional.orElseThrow(Optional.java:290)
  org.openqa.selenium.support.ui.ExpectedConditions.findElement(ExpectedConditions.java:882)
  org.openqa.selenium.support.ui.ExpectedConditions.access$000(ExpectedConditions.java:44)
  org.openqa.selenium.support.ui.ExpectedConditions$6.apply(ExpectedConditions.java:183)
  org.openqa.selenium.support.ui.ExpectedConditions$6.apply(ExpectedConditions.java:180)
  org.openqa.selenium.support.ui.FluentWait.until(FluentWait.java:209)
  BaseClasses.BasePage.waitForElementPresence(BasePage.java:27)
  pages.CreateNewProjectPage.verifyJobUploadedSuccessfully(CreateNewProjectPage.java:237)
  steps.CreateNewProjectSteps.submittingJob(CreateNewProjectSteps.java:89)
  tests.ProofingFromActivityFeedTest.ApproveActionFunctionality(ProofingFromActivityFeedTest.java:54)
  sun.reflect.NativeMethodAccessorImpl.invoke0(Native Method)
  sun.reflect.NativeMethodAccessorImpl.invoke(NativeMethodAccessorImpl.java:62)
  sun.reflect.DelegatingMethodAccessorImpl.invoke(DelegatingMethodAccessorImpl.java:43)
  java.lang.reflect.Method.invoke(Method.java:498)
  org.testng.internal.MethodInvocationHelper.invokeMethod(MethodInvocationHelper.java:85)
  org.testng.internal.Invoker.invokeMethod(Invoker.java:659)
  org.testng.internal.Invoker.invokeTestMethod(Invoker.java:845)
  org.testng.internal.Invoker.invokeTestMethods(Invoker.java:1153)
  org.testng.internal.TestMethodWorker.invokeTestMethods(TestMethodWorker.java:125)
  org.testng.internal.TestMethodWorker.run(TestMethodWorker.java:108)
  org.testng.TestRunner.privateRun(TestRunner.java:771)
  org.testng.TestRunner.run(TestRunner.java:621)
  org.testng.SuiteRunner.runTest(SuiteRunner.java:357)
  org.testng.SuiteRunner.runSequentially(SuiteRunner.java:352)
  org.testng.SuiteRunner.privateRun(SuiteRunner.java:310)
  org.testng.SuiteRunner.run(SuiteRunner.java:259)
  org.testng.SuiteRunnerWorker.runSuite(SuiteRunnerWorker.java:52)
  org.testng.SuiteRunnerWorker.run(SuiteRunnerWorker.java:86)
  org.testng.TestNG.runSuitesSequentially(TestNG.java:1199)
  org.testng.TestNG.runSuitesLocally(TestNG.java:1124)
  org.testng.TestNG.run(TestNG.java:1032)
  org.testng.IDEARemoteTestNG.run(IDEARemoteTestNG.java:72)
  org.testng.RemoteTestNGStarter.main(RemoteTestNGStarter.java:123)
]]>
      </failure>

          </testcase>
  
  
  
</testsuite>
