<!DOCTYPE html PUBLIC "-//W3C//DTD XHTML 1.1//EN" "http://www.w3.org/TR/xhtml11/DTD/xhtml11.dtd">
<html xmlns="http://www.w3.org/1999/xhtml"><head><title>TestNG Report</title><style type="text/css">table {margin-bottom:10px;border-collapse:collapse;empty-cells:show}th,td {border:1px solid #009;padding:.25em .5em}th {vertical-align:bottom}td {vertical-align:top}table a {font-weight:bold}.stripe td {background-color: #E6EBF9}.num {text-align:right}.passedodd td {background-color: #3F3}.passedeven td {background-color: #0A0}.skippedodd td {background-color: #DDD}.skippedeven td {background-color: #CCC}.failedodd td,.attn {background-color: #F33}.failedeven td,.stripe .attn {background-color: #D00}.stacktrace {white-space:pre;font-family:monospace}.totop {font-size:85%;text-align:center;border-bottom:2px solid #000}</style></head><body><table><tr><th>Test</th><th># Passed</th><th># Skipped</th><th># Failed</th><th>Time (ms)</th><th>Included Groups</th><th>Excluded Groups</th></tr><tr><th colspan="7">Mediaferry_RegressionSuite</th></tr><tr><td><a href="#t0">UploadAssets Via Proofing</a></td><td class="num">1</td><td class="num">0</td><td class="num">0</td><td class="num">151,959</td><td></td><td></td></tr><tr class="stripe"><td><a href="#t1">UploadAssets Via Respond</a></td><td class="num">1</td><td class="num">0</td><td class="num">0</td><td class="num">125,231</td><td></td><td></td></tr><tr><td><a href="#t2">QueryAction</a></td><td class="num">5</td><td class="num">0</td><td class="num attn">1</td><td class="num">170,684</td><td></td><td></td></tr><tr class="stripe"><td><a href="#t3">QueryAction Via Email</a></td><td class="num">2</td><td class="num">0</td><td class="num">0</td><td class="num">114,844</td><td></td><td></td></tr><tr><td><a href="#t4">RespondToQuery</a></td><td class="num">6</td><td class="num">0</td><td class="num attn">1</td><td class="num">116,728</td><td></td><td></td></tr><tr class="stripe"><td><a href="#t5">RespondToQuery Via Email</a></td><td class="num">4</td><td class="num">0</td><td class="num attn">1</td><td class="num">148,536</td><td></td><td></td></tr><tr><td><a href="#t6">ChangePassword</a></td><td class="num">4</td><td class="num">0</td><td class="num">0</td><td class="num">61,038</td><td></td><td></td></tr><tr class="stripe"><td><a href="#t7">UploadProfilePic</a></td><td class="num">2</td><td class="num">0</td><td class="num">0</td><td class="num">229,211</td><td></td><td></td></tr><tr><td><a href="#t8">ActivityFeedFunctionality</a></td><td class="num">0</td><td class="num">0</td><td class="num attn">1</td><td class="num">57,178</td><td></td><td></td></tr><tr class="stripe"><td><a href="#t9">SharingProject</a></td><td class="num">0</td><td class="num">0</td><td class="num attn">2</td><td class="num">431,121</td><td></td><td></td></tr><tr><td><a href="#t10">ProofingComponent</a></td><td class="num">0</td><td class="num">0</td><td class="num attn">2</td><td class="num">603,754</td><td></td><td></td></tr><tr class="stripe"><td><a href="#t11">Approve Action</a></td><td class="num">1</td><td class="num">0</td><td class="num">0</td><td class="num">93,549</td><td></td><td></td></tr><tr><td><a href="#t12">Global Search</a></td><td class="num">1</td><td class="num">0</td><td class="num">0</td><td class="num">245,044</td><td></td><td></td></tr><tr class="stripe"><td><a href="#t13">Proofing From Activity Feed</a></td><td class="num">1</td><td class="num">0</td><td class="num">0</td><td class="num">185,935</td><td></td><td></td></tr><tr><td><a href="#t14">Proofing From Active Projects</a></td><td class="num">1</td><td class="num">0</td><td class="num">0</td><td class="num">200,865</td><td></td><td></td></tr><tr><th>Total</th><th class="num">29</th><th class="num">0</th><th class="num attn">8</th><th class="num">2,935,677</th><th colspan="2"></th></tr></table><table><thead><tr><th>Class</th><th>Method</th><th>Start</th><th>Time (ms)</th></tr></thead><tbody><tr><th colspan="4">Mediaferry_RegressionSuite</th></tr></tbody><tbody id="t0"><tr><th colspan="4">UploadAssets Via Proofing &#8212; passed</th></tr><tr class="passedeven"><td rowspan="1">tests.UploadAssetsProofingTest</td><td><a href="#m0">uploadingAssetsByProofingWindow</a></td><td rowspan="1">1511260616998</td><td rowspan="1">140049</td></tr></tbody><tbody id="t1"><tr><th colspan="4">UploadAssets Via Respond &#8212; passed</th></tr><tr class="passedeven"><td rowspan="1">tests.UploadAssetsRespondTest</td><td><a href="#m1">uploadingAssetsByRespondWindow</a></td><td rowspan="1">1511260767439</td><td rowspan="1">115695</td></tr></tbody><tbody id="t2"><tr><th colspan="4">QueryAction &#8212; failed</th></tr><tr class="failedeven"><td rowspan="1">tests.QueryActionTest</td><td><a href="#m2">verifyStatusLink</a></td><td rowspan="1">1511261052521</td><td rowspan="1">107</td></tr><tr><th colspan="4">QueryAction &#8212; passed</th></tr><tr class="passedeven"><td rowspan="5">tests.QueryActionTest</td><td><a href="#m3">loginWithValidCredentials</a></td><td rowspan="1">1511260894887</td><td rowspan="1">140341</td></tr><tr class="passedeven"><td><a href="#m4">sendQuery</a></td><td rowspan="1">1511261047260</td><td rowspan="1">5060</td></tr><tr class="passedeven"><td><a href="#m5">statusVerificationAfterClickOnCloseBtn</a></td><td rowspan="1">1511261044483</td><td rowspan="1">2774</td></tr><tr class="passedeven"><td><a href="#m6">verifyQueryLink</a></td><td rowspan="1">1511261052323</td><td rowspan="1">192</td></tr><tr class="passedeven"><td><a href="#m7">verifyValidationMessage</a></td><td rowspan="1">1511261035230</td><td rowspan="1">9252</td></tr></tbody><tbody id="t3"><tr><th colspan="4">QueryAction Via Email &#8212; passed</th></tr><tr class="passedeven"><td rowspan="2">tests.QueryEmailTriggerTest</td><td><a href="#m8">loginWithValidCredentials</a></td><td rowspan="1">1511261063510</td><td rowspan="1">84811</td></tr><tr class="passedeven"><td><a href="#m9">sendQuery</a></td><td rowspan="1">1511261148328</td><td rowspan="1">19626</td></tr></tbody><tbody id="t4"><tr><th colspan="4">RespondToQuery &#8212; failed</th></tr><tr class="failedeven"><td rowspan="1">tests.RespondFunctionalityTest</td><td><a href="#m10">verifyStatusLink</a></td><td rowspan="1">1511261284135</td><td rowspan="1">270</td></tr><tr><th colspan="4">RespondToQuery &#8212; passed</th></tr><tr class="passedeven"><td rowspan="6">tests.RespondFunctionalityTest</td><td><a href="#m11">loginWithValidCredentials</a></td><td rowspan="1">1511261178175</td><td rowspan="1">82347</td></tr><tr class="passedeven"><td><a href="#m12">respondToQuery</a></td><td rowspan="1">1511261280429</td><td rowspan="1">3509</td></tr><tr class="passedeven"><td><a href="#m13">sendQuery</a></td><td rowspan="1">1511261260524</td><td rowspan="1">12446</td></tr><tr class="passedeven"><td><a href="#m14">statusVerifyOnNotRespond</a></td><td rowspan="1">1511261276895</td><td rowspan="1">3533</td></tr><tr class="passedeven"><td><a href="#m15">verifyQueryLink</a></td><td rowspan="1">1511261283942</td><td rowspan="1">192</td></tr><tr class="passedeven"><td><a href="#m16">verifyValidationMsgRespond</a></td><td rowspan="1">1511261272972</td><td rowspan="1">3915</td></tr></tbody><tbody id="t5"><tr><th colspan="4">RespondToQuery Via Email &#8212; failed</th></tr><tr class="failedeven"><td rowspan="1">tests.RespondViaMailTest</td><td><a href="#m17">verifyStatusLink</a></td><td rowspan="1">1511261401326</td><td rowspan="1">147</td></tr><tr><th colspan="4">RespondToQuery Via Email &#8212; passed</th></tr><tr class="passedeven"><td rowspan="4">tests.RespondViaMailTest</td><td><a href="#m18">respondingViaMailNotLogin</a></td><td rowspan="1">1511261401856</td><td rowspan="1">31431</td></tr><tr class="passedeven"><td><a href="#m19">respondingViaMailWhileLogin</a></td><td rowspan="1">1511261350669</td><td rowspan="1">39190</td></tr><tr class="passedeven"><td><a href="#m20">sendQuery</a></td><td rowspan="1">1511261305273</td><td rowspan="1">45392</td></tr><tr class="passedeven"><td><a href="#m21">verifyQueryLink</a></td><td rowspan="1">1511261389860</td><td rowspan="1">11465</td></tr></tbody><tbody id="t6"><tr><th colspan="4">ChangePassword &#8212; passed</th></tr><tr class="passedeven"><td rowspan="4">tests.ChangePasswordTest</td><td><a href="#m22">changePassword</a></td><td rowspan="1">1511261476811</td><td rowspan="1">8209</td></tr><tr class="passedeven"><td><a href="#m23">loginWithValidCredentials</a></td><td rowspan="1">1511261443570</td><td rowspan="1">30041</td></tr><tr class="passedeven"><td><a href="#m24">verifyChangePassword</a></td><td rowspan="1">1511261485021</td><td rowspan="1">9251</td></tr><tr class="passedeven"><td><a href="#m25">verifyValidationMsg</a></td><td rowspan="1">1511261473612</td><td rowspan="1">3194</td></tr></tbody><tbody id="t7"><tr><th colspan="4">UploadProfilePic &#8212; passed</th></tr><tr class="passedeven"><td rowspan="2">tests.UploadProfilePicTest</td><td><a href="#m26">loginWithValidCredentials</a></td><td rowspan="1">1511261504891</td><td rowspan="1">194217</td></tr><tr class="passedeven"><td><a href="#m27">uploadProfile</a></td><td rowspan="1">1511261699109</td><td rowspan="1">24472</td></tr></tbody><tbody id="t8"><tr><th colspan="4">ActivityFeedFunctionality &#8212; failed</th></tr><tr class="failedeven"><td rowspan="1">tests.ActivityFeedFunctionalityTest</td><td><a href="#m28">activityFeedFunctionality</a></td><td rowspan="1">1511261747091</td><td rowspan="1">33202</td></tr></tbody><tbody id="t9"><tr><th colspan="4">SharingProject &#8212; failed</th></tr><tr class="failedeven"><td rowspan="2">tests.ShareProjectTest</td><td><a href="#m29">loginWithValidCredentials</a></td><td rowspan="1">1511261791972</td><td rowspan="1">238569</td></tr><tr class="failedeven"><td><a href="#m30">shareProject</a></td><td rowspan="1">1511262030945</td><td rowspan="1">180516</td></tr></tbody><tbody id="t10"><tr><th colspan="4">ProofingComponent &#8212; failed</th></tr><tr class="failedeven"><td rowspan="2">tests.ProofingComponentTest</td><td><a href="#m31">creatingNewProject</a></td><td rowspan="1">1511262223277</td><td rowspan="1">411205</td></tr><tr class="failedeven"><td><a href="#m32">proofingComponentTest</a></td><td rowspan="1">1511262635172</td><td rowspan="1">180067</td></tr></tbody><tbody id="t11"><tr><th colspan="4">Approve Action &#8212; passed</th></tr><tr class="passedeven"><td rowspan="1">tests.ApproveActionTest</td><td><a href="#m33">ApproveActionFunctionality</a></td><td rowspan="1">1511262826230</td><td rowspan="1">82979</td></tr></tbody><tbody id="t12"><tr><th colspan="4">Global Search &#8212; passed</th></tr><tr class="passedeven"><td rowspan="1">tests.GlobalSearchTest</td><td><a href="#m34">ApproveActionFunctionality</a></td><td rowspan="1">1511262920087</td><td rowspan="1">234139</td></tr></tbody><tbody id="t13"><tr><th colspan="4">Proofing From Activity Feed &#8212; passed</th></tr><tr class="passedeven"><td rowspan="1">tests.ProofingFromActivityFeedTest</td><td><a href="#m35">ApproveActionFunctionality</a></td><td rowspan="1">1511263164770</td><td rowspan="1">175436</td></tr></tbody><tbody id="t14"><tr><th colspan="4">Proofing From Active Projects &#8212; passed</th></tr><tr class="passedeven"><td rowspan="1">tests.ProofingFromActiveProjectsTest</td><td><a href="#m36">ApproveActionFunctionality</a></td><td rowspan="1">1511263350362</td><td rowspan="1">190710</td></tr></tbody></table><h2>UploadAssets Via Proofing</h2><h3 id="m0">tests.UploadAssetsProofingTest#uploadingAssetsByProofingWindow</h3><table class="result"></table><p class="totop"><a href="#summary">back to summary</a></p><h2>UploadAssets Via Respond</h2><h3 id="m1">tests.UploadAssetsRespondTest#uploadingAssetsByRespondWindow</h3><table class="result"></table><p class="totop"><a href="#summary">back to summary</a></p><h2>QueryAction</h2><h3 id="m2">tests.QueryActionTest#verifyStatusLink</h3><table class="result"><tr><th>Exception</th></tr><tr><td><div class="stacktrace">java.lang.AssertionError: The following asserts failed:
expected [185152] but found [1]
	at steps.ActiveProjectsSteps.verifyingStatusLnkSteps(ActiveProjectsSteps.java:105)
	at tests.QueryActionTest.verifyStatusLink(QueryActionTest.java:70)
... Removed 25 stack frames</div></td></tr></table><p class="totop"><a href="#summary">back to summary</a></p><h3 id="m3">tests.QueryActionTest#loginWithValidCredentials</h3><table class="result"></table><p class="totop"><a href="#summary">back to summary</a></p><h3 id="m4">tests.QueryActionTest#sendQuery</h3><table class="result"></table><p class="totop"><a href="#summary">back to summary</a></p><h3 id="m5">tests.QueryActionTest#statusVerificationAfterClickOnCloseBtn</h3><table class="result"></table><p class="totop"><a href="#summary">back to summary</a></p><h3 id="m6">tests.QueryActionTest#verifyQueryLink</h3><table class="result"></table><p class="totop"><a href="#summary">back to summary</a></p><h3 id="m7">tests.QueryActionTest#verifyValidationMessage</h3><table class="result"></table><p class="totop"><a href="#summary">back to summary</a></p><h2>QueryAction Via Email</h2><h3 id="m8">tests.QueryEmailTriggerTest#loginWithValidCredentials</h3><table class="result"></table><p class="totop"><a href="#summary">back to summary</a></p><h3 id="m9">tests.QueryEmailTriggerTest#sendQuery</h3><table class="result"></table><p class="totop"><a href="#summary">back to summary</a></p><h2>RespondToQuery</h2><h3 id="m10">tests.RespondFunctionalityTest#verifyStatusLink</h3><table class="result"><tr><th>Exception</th></tr><tr><td><div class="stacktrace">java.lang.AssertionError: The following asserts failed:
expected [185154] but found [1]
	at steps.ActiveProjectsSteps.verifyingStatusLnkSteps(ActiveProjectsSteps.java:105)
	at tests.RespondFunctionalityTest.verifyStatusLink(RespondFunctionalityTest.java:79)
... Removed 25 stack frames</div></td></tr></table><p class="totop"><a href="#summary">back to summary</a></p><h3 id="m11">tests.RespondFunctionalityTest#loginWithValidCredentials</h3><table class="result"></table><p class="totop"><a href="#summary">back to summary</a></p><h3 id="m12">tests.RespondFunctionalityTest#respondToQuery</h3><table class="result"></table><p class="totop"><a href="#summary">back to summary</a></p><h3 id="m13">tests.RespondFunctionalityTest#sendQuery</h3><table class="result"></table><p class="totop"><a href="#summary">back to summary</a></p><h3 id="m14">tests.RespondFunctionalityTest#statusVerifyOnNotRespond</h3><table class="result"></table><p class="totop"><a href="#summary">back to summary</a></p><h3 id="m15">tests.RespondFunctionalityTest#verifyQueryLink</h3><table class="result"></table><p class="totop"><a href="#summary">back to summary</a></p><h3 id="m16">tests.RespondFunctionalityTest#verifyValidationMsgRespond</h3><table class="result"></table><p class="totop"><a href="#summary">back to summary</a></p><h2>RespondToQuery Via Email</h2><h3 id="m17">tests.RespondViaMailTest#verifyStatusLink</h3><table class="result"><tr><th>Exception</th></tr><tr><td><div class="stacktrace">java.lang.AssertionError: The following asserts failed:
expected [true] but found [false], expected [true] but found [false]
	at steps.ActiveProjectsSteps.verifyingStatusLnkSteps(ActiveProjectsSteps.java:105)
	at tests.RespondViaMailTest.verifyStatusLink(RespondViaMailTest.java:62)
... Removed 25 stack frames</div></td></tr></table><p class="totop"><a href="#summary">back to summary</a></p><h3 id="m18">tests.RespondViaMailTest#respondingViaMailNotLogin</h3><table class="result"></table><p class="totop"><a href="#summary">back to summary</a></p><h3 id="m19">tests.RespondViaMailTest#respondingViaMailWhileLogin</h3><table class="result"></table><p class="totop"><a href="#summary">back to summary</a></p><h3 id="m20">tests.RespondViaMailTest#sendQuery</h3><table class="result"></table><p class="totop"><a href="#summary">back to summary</a></p><h3 id="m21">tests.RespondViaMailTest#verifyQueryLink</h3><table class="result"></table><p class="totop"><a href="#summary">back to summary</a></p><h2>ChangePassword</h2><h3 id="m22">tests.ChangePasswordTest#changePassword</h3><table class="result"></table><p class="totop"><a href="#summary">back to summary</a></p><h3 id="m23">tests.ChangePasswordTest#loginWithValidCredentials</h3><table class="result"></table><p class="totop"><a href="#summary">back to summary</a></p><h3 id="m24">tests.ChangePasswordTest#verifyChangePassword</h3><table class="result"></table><p class="totop"><a href="#summary">back to summary</a></p><h3 id="m25">tests.ChangePasswordTest#verifyValidationMsg</h3><table class="result"></table><p class="totop"><a href="#summary">back to summary</a></p><h2>UploadProfilePic</h2><h3 id="m26">tests.UploadProfilePicTest#loginWithValidCredentials</h3><table class="result"></table><p class="totop"><a href="#summary">back to summary</a></p><h3 id="m27">tests.UploadProfilePicTest#uploadProfile</h3><table class="result"></table><p class="totop"><a href="#summary">back to summary</a></p><h2>ActivityFeedFunctionality</h2><h3 id="m28">tests.ActivityFeedFunctionalityTest#activityFeedFunctionality</h3><table class="result"><tr><th>Exception</th></tr><tr><td><div class="stacktrace">org.openqa.selenium.WebDriverException: unknown error: Element &lt;a href=&quot;javascript:void(0);&quot; onclick=&quot;chat_fun(&apos;861251&apos;,&apos;My Test Project  412_2017-10-12&apos;)&quot; class=&quot;btn blue icn-only&quot; style=&quot;height:33px;margin-top:9px;&quot;&gt;...&lt;/a&gt; is not clickable at point (1261, 314). Other element would receive the click: &lt;div class=&quot;blockUI blockOverlay&quot; style=&quot;z-index: 1000; border: none; margin: 0px; padding: 0px; width: 100%; height: 100%; top: 0px; left: 0px; background-color: rgb(0, 0, 0); opacity: 0.1; cursor: wait; position: absolute;&quot;&gt;&lt;/div&gt;
  (Session info: chrome=62.0.3202.94)
  (Driver info: chromedriver=2.33.506120 (e3e53437346286c0bc2d2dc9aa4915ba81d9023f),platform=Windows NT 6.1.7601 SP1 x86) (WARNING: The server did not provide any stacktrace information)
Command duration or timeout: 0 milliseconds
Build info: version: &apos;3.5.3&apos;, revision: &apos;a88d25fe6b&apos;, time: &apos;2017-08-29T12:42:44.417Z&apos;
System info: host: &apos;ABC-PC&apos;, ip: &apos;192.168.0.2&apos;, os.name: &apos;Windows 7&apos;, os.arch: &apos;x86&apos;, os.version: &apos;6.1&apos;, java.version: &apos;1.8.0_144&apos;
Driver info: org.openqa.selenium.chrome.ChromeDriver
Capabilities [{mobileEmulationEnabled=false, hasTouchScreen=false, platform=XP, acceptSslCerts=true, webStorageEnabled=true, browserName=chrome, takesScreenshot=true, javascriptEnabled=true, platformName=XP, setWindowRect=true, unexpectedAlertBehaviour=, applicationCacheEnabled=false, rotatable=false, networkConnectionEnabled=false, chrome={chromedriverVersion=2.33.506120 (e3e53437346286c0bc2d2dc9aa4915ba81d9023f), userDataDir=C:\Users\abc\AppData\Local\Temp\scoped_dir2952_12804}, takesHeapSnapshot=true, pageLoadStrategy=normal, unhandledPromptBehavior=, databaseEnabled=false, handlesAlerts=true, version=62.0.3202.94, browserConnectionEnabled=false, nativeEvents=true, locationContextEnabled=true, cssSelectorsEnabled=true}]
Session ID: 797351908a605dc2e0d180dce4c01304
	at org.openqa.selenium.remote.ErrorHandler.createThrowable(ErrorHandler.java:215)
	at org.openqa.selenium.remote.ErrorHandler.throwIfResponseFailed(ErrorHandler.java:167)
	at org.openqa.selenium.remote.http.JsonHttpResponseCodec.reconstructValue(JsonHttpResponseCodec.java:40)
	at org.openqa.selenium.remote.http.AbstractHttpResponseCodec.decode(AbstractHttpResponseCodec.java:82)
	at org.openqa.selenium.remote.http.AbstractHttpResponseCodec.decode(AbstractHttpResponseCodec.java:45)
	at org.openqa.selenium.remote.HttpCommandExecutor.execute(HttpCommandExecutor.java:164)
	at org.openqa.selenium.remote.service.DriverCommandExecutor.execute(DriverCommandExecutor.java:82)
	at org.openqa.selenium.remote.RemoteWebDriver.execute(RemoteWebDriver.java:646)
	at org.openqa.selenium.remote.RemoteWebElement.execute(RemoteWebElement.java:275)
	at org.openqa.selenium.remote.RemoteWebElement.click(RemoteWebElement.java:82)
	at pages.ActivityFeedPage.clickOnPostCommentIcon(ActivityFeedPage.java:170)
	at steps.ActivityFeedSteps.commentOnProjectSteps(ActivityFeedSteps.java:85)
	at tests.ActivityFeedFunctionalityTest.activityFeedFunctionality(ActivityFeedFunctionalityTest.java:49)
... Removed 28 stack frames</div></td></tr></table><p class="totop"><a href="#summary">back to summary</a></p><h2>SharingProject</h2><h3 id="m29">tests.ShareProjectTest#loginWithValidCredentials</h3><table class="result"><tr><th>Exception</th></tr><tr><td><div class="stacktrace">org.openqa.selenium.TimeoutException: Expected condition failed: waiting for visibility of element located by By.xpath: //img[@src=&apos;https://devso.mediaferry.com/mf-s40qa/sitetheme_new/img/loading-spinner-grey.gif&apos;] (tried for 180 second(s) with 500 MILLISECONDS interval)
	at org.openqa.selenium.support.ui.WebDriverWait.timeoutException(WebDriverWait.java:80)
	at org.openqa.selenium.support.ui.FluentWait.until(FluentWait.java:232)
	at BaseClasses.BasePage.waitForElementVisibility(BasePage.java:17)
	at pages.CreateNewProjectPage.waitForSpinnerInvisibility(CreateNewProjectPage.java:331)
	at steps.CreateNewProjectSteps.submittingJob(CreateNewProjectSteps.java:90)
	at tests.ShareProjectTest.loginWithValidCredentials(ShareProjectTest.java:42)
Caused by: org.openqa.selenium.NoSuchElementException: Cannot locate an element using By.xpath: //img[@src=&apos;https://devso.mediaferry.com/mf-s40qa/sitetheme_new/img/loading-spinner-grey.gif&apos;]
For documentation on this error, please visit: http://seleniumhq.org/exceptions/no_such_element.html
Build info: version: &apos;3.5.3&apos;, revision: &apos;a88d25fe6b&apos;, time: &apos;2017-08-29T12:42:44.417Z&apos;
System info: host: &apos;ABC-PC&apos;, ip: &apos;192.168.0.2&apos;, os.name: &apos;Windows 7&apos;, os.arch: &apos;x86&apos;, os.version: &apos;6.1&apos;, java.version: &apos;1.8.0_144&apos;
Driver info: driver.version: unknown
	at org.openqa.selenium.support.ui.ExpectedConditions.lambda$findElement$0(ExpectedConditions.java:883)
	at java.util.Optional.orElseThrow(Unknown Source)
	at org.openqa.selenium.support.ui.ExpectedConditions.findElement(ExpectedConditions.java:882)
	at org.openqa.selenium.support.ui.ExpectedConditions.access$000(ExpectedConditions.java:44)
	at org.openqa.selenium.support.ui.ExpectedConditions$7.apply(ExpectedConditions.java:206)
	at org.openqa.selenium.support.ui.ExpectedConditions$7.apply(ExpectedConditions.java:202)
	at org.openqa.selenium.support.ui.FluentWait.until(FluentWait.java:209)
	... 28 more
... Removed 24 stack frames</div></td></tr></table><p class="totop"><a href="#summary">back to summary</a></p><h3 id="m30">tests.ShareProjectTest#shareProject</h3><table class="result"><tr><th>Exception</th></tr><tr><td><div class="stacktrace">org.openqa.selenium.TimeoutException: Expected condition failed: waiting for visibility of element located by By.id: f_project (tried for 180 second(s) with 500 MILLISECONDS interval)
	at org.openqa.selenium.support.ui.WebDriverWait.timeoutException(WebDriverWait.java:80)
	at org.openqa.selenium.support.ui.FluentWait.until(FluentWait.java:232)
	at BaseClasses.BasePage.waitForElementVisibility(BasePage.java:17)
	at pages.ActiveProjectsPage.enterProjectNameInSearchField(ActiveProjectsPage.java:46)
	at steps.ActiveProjectsSteps.selectProject(ActiveProjectsSteps.java:18)
	at tests.ShareProjectTest.shareProject(ShareProjectTest.java:49)
Caused by: org.openqa.selenium.NoSuchElementException: Cannot locate an element using By.id: f_project
For documentation on this error, please visit: http://seleniumhq.org/exceptions/no_such_element.html
Build info: version: &apos;3.5.3&apos;, revision: &apos;a88d25fe6b&apos;, time: &apos;2017-08-29T12:42:44.417Z&apos;
System info: host: &apos;ABC-PC&apos;, ip: &apos;192.168.0.2&apos;, os.name: &apos;Windows 7&apos;, os.arch: &apos;x86&apos;, os.version: &apos;6.1&apos;, java.version: &apos;1.8.0_144&apos;
Driver info: driver.version: unknown
	at org.openqa.selenium.support.ui.ExpectedConditions.lambda$findElement$0(ExpectedConditions.java:883)
	at java.util.Optional.orElseThrow(Unknown Source)
	at org.openqa.selenium.support.ui.ExpectedConditions.findElement(ExpectedConditions.java:882)
	at org.openqa.selenium.support.ui.ExpectedConditions.access$000(ExpectedConditions.java:44)
	at org.openqa.selenium.support.ui.ExpectedConditions$7.apply(ExpectedConditions.java:206)
	at org.openqa.selenium.support.ui.ExpectedConditions$7.apply(ExpectedConditions.java:202)
	at org.openqa.selenium.support.ui.FluentWait.until(FluentWait.java:209)
	... 28 more
... Removed 24 stack frames</div></td></tr></table><p class="totop"><a href="#summary">back to summary</a></p><h2>ProofingComponent</h2><h3 id="m31">tests.ProofingComponentTest#creatingNewProject</h3><table class="result"><tr><th>Exception</th></tr><tr><td><div class="stacktrace">org.openqa.selenium.TimeoutException: Expected condition failed: waiting for visibility of element located by By.xpath: //img[@src=&apos;https://devso.mediaferry.com/mf-s40qa/sitetheme_new/img/loading-spinner-grey.gif&apos;] (tried for 180 second(s) with 500 MILLISECONDS interval)
	at org.openqa.selenium.support.ui.WebDriverWait.timeoutException(WebDriverWait.java:80)
	at org.openqa.selenium.support.ui.FluentWait.until(FluentWait.java:232)
	at BaseClasses.BasePage.waitForElementVisibility(BasePage.java:17)
	at pages.CreateNewProjectPage.waitForSpinnerInvisibility(CreateNewProjectPage.java:331)
	at steps.CreateNewProjectSteps.submittingJob(CreateNewProjectSteps.java:90)
	at tests.ProofingComponentTest.creatingNewProject(ProofingComponentTest.java:44)
Caused by: org.openqa.selenium.NoSuchElementException: Cannot locate an element using By.xpath: //img[@src=&apos;https://devso.mediaferry.com/mf-s40qa/sitetheme_new/img/loading-spinner-grey.gif&apos;]
For documentation on this error, please visit: http://seleniumhq.org/exceptions/no_such_element.html
Build info: version: &apos;3.5.3&apos;, revision: &apos;a88d25fe6b&apos;, time: &apos;2017-08-29T12:42:44.417Z&apos;
System info: host: &apos;ABC-PC&apos;, ip: &apos;192.168.0.2&apos;, os.name: &apos;Windows 7&apos;, os.arch: &apos;x86&apos;, os.version: &apos;6.1&apos;, java.version: &apos;1.8.0_144&apos;
Driver info: driver.version: unknown
	at org.openqa.selenium.support.ui.ExpectedConditions.lambda$findElement$0(ExpectedConditions.java:883)
	at java.util.Optional.orElseThrow(Unknown Source)
	at org.openqa.selenium.support.ui.ExpectedConditions.findElement(ExpectedConditions.java:882)
	at org.openqa.selenium.support.ui.ExpectedConditions.access$000(ExpectedConditions.java:44)
	at org.openqa.selenium.support.ui.ExpectedConditions$7.apply(ExpectedConditions.java:206)
	at org.openqa.selenium.support.ui.ExpectedConditions$7.apply(ExpectedConditions.java:202)
	at org.openqa.selenium.support.ui.FluentWait.until(FluentWait.java:209)
	... 28 more
... Removed 24 stack frames</div></td></tr></table><p class="totop"><a href="#summary">back to summary</a></p><h3 id="m32">tests.ProofingComponentTest#proofingComponentTest</h3><table class="result"><tr><th>Exception</th></tr><tr><td><div class="stacktrace">org.openqa.selenium.TimeoutException: Expected condition failed: waiting for visibility of element located by By.id: f_project (tried for 180 second(s) with 500 MILLISECONDS interval)
	at org.openqa.selenium.support.ui.WebDriverWait.timeoutException(WebDriverWait.java:80)
	at org.openqa.selenium.support.ui.FluentWait.until(FluentWait.java:232)
	at BaseClasses.BasePage.waitForElementVisibility(BasePage.java:17)
	at pages.ActiveProjectsPage.enterProjectNameInSearchField(ActiveProjectsPage.java:46)
	at steps.ActiveProjectsSteps.selectProjectForEdit(ActiveProjectsSteps.java:24)
	at tests.ProofingComponentTest.proofingComponentTest(ProofingComponentTest.java:51)
Caused by: org.openqa.selenium.NoSuchElementException: Cannot locate an element using By.id: f_project
For documentation on this error, please visit: http://seleniumhq.org/exceptions/no_such_element.html
Build info: version: &apos;3.5.3&apos;, revision: &apos;a88d25fe6b&apos;, time: &apos;2017-08-29T12:42:44.417Z&apos;
System info: host: &apos;ABC-PC&apos;, ip: &apos;192.168.0.2&apos;, os.name: &apos;Windows 7&apos;, os.arch: &apos;x86&apos;, os.version: &apos;6.1&apos;, java.version: &apos;1.8.0_144&apos;
Driver info: driver.version: unknown
	at org.openqa.selenium.support.ui.ExpectedConditions.lambda$findElement$0(ExpectedConditions.java:883)
	at java.util.Optional.orElseThrow(Unknown Source)
	at org.openqa.selenium.support.ui.ExpectedConditions.findElement(ExpectedConditions.java:882)
	at org.openqa.selenium.support.ui.ExpectedConditions.access$000(ExpectedConditions.java:44)
	at org.openqa.selenium.support.ui.ExpectedConditions$7.apply(ExpectedConditions.java:206)
	at org.openqa.selenium.support.ui.ExpectedConditions$7.apply(ExpectedConditions.java:202)
	at org.openqa.selenium.support.ui.FluentWait.until(FluentWait.java:209)
	... 28 more
... Removed 24 stack frames</div></td></tr></table><p class="totop"><a href="#summary">back to summary</a></p><h2>Approve Action</h2><h3 id="m33">tests.ApproveActionTest#ApproveActionFunctionality</h3><table class="result"></table><p class="totop"><a href="#summary">back to summary</a></p><h2>Global Search</h2><h3 id="m34">tests.GlobalSearchTest#ApproveActionFunctionality</h3><table class="result"></table><p class="totop"><a href="#summary">back to summary</a></p><h2>Proofing From Activity Feed</h2><h3 id="m35">tests.ProofingFromActivityFeedTest#ApproveActionFunctionality</h3><table class="result"></table><p class="totop"><a href="#summary">back to summary</a></p><h2>Proofing From Active Projects</h2><h3 id="m36">tests.ProofingFromActiveProjectsTest#ApproveActionFunctionality</h3><table class="result"></table><p class="totop"><a href="#summary">back to summary</a></p></body></html>