<?xml version="1.0" encoding="UTF-8"?>
<testng-results skipped="0" failed="8" total="37" passed="29">
  <reporter-output>
  </reporter-output>
  <suite name="Mediaferry_RegressionSuite" duration-ms="2935934" started-at="2017-11-21T10:36:45Z" finished-at="2017-11-21T11:25:41Z">
    <groups>
    </groups>
    <test name="UploadAssets Via Proofing" duration-ms="151959" started-at="2017-11-21T10:36:45Z" finished-at="2017-11-21T10:39:17Z">
      <class name="tests.UploadAssetsProofingTest">
        <test-method status="PASS" signature="start()[pri:0, instance:tests.UploadAssetsProofingTest@1aeada1]" name="start" is-config="true" duration-ms="11060" started-at="2017-11-21T16:06:45Z" finished-at="2017-11-21T16:06:56Z">
          <reporter-output>
          </reporter-output>
        </test-method> <!-- start -->
        <test-method status="PASS" signature="uploadingAssetsByProofingWindow()[pri:0, instance:tests.UploadAssetsProofingTest@1aeada1]" name="uploadingAssetsByProofingWindow" duration-ms="140049" started-at="2017-11-21T16:06:56Z" finished-at="2017-11-21T16:09:17Z">
          <reporter-output>
          </reporter-output>
        </test-method> <!-- uploadingAssetsByProofingWindow -->
        <test-method status="PASS" signature="tearDown()[pri:0, instance:tests.UploadAssetsProofingTest@1aeada1]" name="tearDown" is-config="true" duration-ms="834" started-at="2017-11-21T16:09:17Z" finished-at="2017-11-21T16:09:17Z">
          <reporter-output>
          </reporter-output>
        </test-method> <!-- tearDown -->
      </class> <!-- tests.UploadAssetsProofingTest -->
    </test> <!-- UploadAssets Via Proofing -->
    <test name="UploadAssets Via Respond" duration-ms="125231" started-at="2017-11-21T10:39:17Z" finished-at="2017-11-21T10:41:23Z">
      <class name="tests.UploadAssetsRespondTest">
        <test-method status="PASS" signature="start()[pri:0, instance:tests.UploadAssetsRespondTest@1a7504c]" name="start" is-config="true" duration-ms="9534" started-at="2017-11-21T16:09:17Z" finished-at="2017-11-21T16:09:27Z">
          <reporter-output>
          </reporter-output>
        </test-method> <!-- start -->
        <test-method status="PASS" signature="uploadingAssetsByRespondWindow()[pri:0, instance:tests.UploadAssetsRespondTest@1a7504c]" name="uploadingAssetsByRespondWindow" duration-ms="115695" started-at="2017-11-21T16:09:27Z" finished-at="2017-11-21T16:11:23Z">
          <reporter-output>
          </reporter-output>
        </test-method> <!-- uploadingAssetsByRespondWindow -->
      </class> <!-- tests.UploadAssetsRespondTest -->
    </test> <!-- UploadAssets Via Respond -->
    <test name="QueryAction" duration-ms="170684" started-at="2017-11-21T10:41:23Z" finished-at="2017-11-21T10:44:13Z">
      <class name="tests.QueryActionTest">
        <test-method status="PASS" signature="start()[pri:0, instance:tests.QueryActionTest@1d2a7e8]" name="start" is-config="true" duration-ms="11734" started-at="2017-11-21T16:11:23Z" finished-at="2017-11-21T16:11:34Z">
          <reporter-output>
          </reporter-output>
        </test-method> <!-- start -->
        <test-method status="PASS" signature="loginWithValidCredentials()[pri:0, instance:tests.QueryActionTest@1d2a7e8]" name="loginWithValidCredentials" duration-ms="140341" started-at="2017-11-21T16:11:34Z" finished-at="2017-11-21T16:13:55Z">
          <reporter-output>
          </reporter-output>
        </test-method> <!-- loginWithValidCredentials -->
        <test-method status="PASS" signature="verifyValidationMessage()[pri:0, instance:tests.QueryActionTest@1d2a7e8]" name="verifyValidationMessage" duration-ms="9252" started-at="2017-11-21T16:13:55Z" finished-at="2017-11-21T16:14:04Z">
          <reporter-output>
          </reporter-output>
        </test-method> <!-- verifyValidationMessage -->
        <test-method status="PASS" signature="statusVerificationAfterClickOnCloseBtn()[pri:0, instance:tests.QueryActionTest@1d2a7e8]" name="statusVerificationAfterClickOnCloseBtn" duration-ms="2774" started-at="2017-11-21T16:14:04Z" finished-at="2017-11-21T16:14:07Z">
          <reporter-output>
          </reporter-output>
        </test-method> <!-- statusVerificationAfterClickOnCloseBtn -->
        <test-method status="PASS" signature="sendQuery()[pri:0, instance:tests.QueryActionTest@1d2a7e8]" name="sendQuery" duration-ms="5060" started-at="2017-11-21T16:14:07Z" finished-at="2017-11-21T16:14:12Z">
          <reporter-output>
          </reporter-output>
        </test-method> <!-- sendQuery -->
        <test-method status="PASS" signature="verifyQueryLink()[pri:0, instance:tests.QueryActionTest@1d2a7e8]" name="verifyQueryLink" duration-ms="192" started-at="2017-11-21T16:14:12Z" finished-at="2017-11-21T16:14:12Z">
          <reporter-output>
          </reporter-output>
        </test-method> <!-- verifyQueryLink -->
        <test-method status="FAIL" signature="verifyStatusLink()[pri:0, instance:tests.QueryActionTest@1d2a7e8]" name="verifyStatusLink" duration-ms="107" started-at="2017-11-21T16:14:12Z" finished-at="2017-11-21T16:14:12Z">
          <exception class="java.lang.AssertionError">
            <message>
              <![CDATA[The following asserts failed:
expected [185152] but found [1]]]>
            </message>
            <full-stacktrace>
              <![CDATA[java.lang.AssertionError: The following asserts failed:
expected [185152] but found [1]
	at org.testng.asserts.SoftAssert.assertAll(SoftAssert.java:38)
	at steps.ActiveProjectsSteps.verifyingStatusLnkSteps(ActiveProjectsSteps.java:105)
	at tests.QueryActionTest.verifyStatusLink(QueryActionTest.java:70)
	at sun.reflect.NativeMethodAccessorImpl.invoke0(Native Method)
	at sun.reflect.NativeMethodAccessorImpl.invoke(Unknown Source)
	at sun.reflect.DelegatingMethodAccessorImpl.invoke(Unknown Source)
	at java.lang.reflect.Method.invoke(Unknown Source)
	at org.testng.internal.MethodInvocationHelper.invokeMethod(MethodInvocationHelper.java:85)
	at org.testng.internal.Invoker.invokeMethod(Invoker.java:659)
	at org.testng.internal.Invoker.invokeTestMethod(Invoker.java:845)
	at org.testng.internal.Invoker.invokeTestMethods(Invoker.java:1153)
	at org.testng.internal.TestMethodWorker.invokeTestMethods(TestMethodWorker.java:125)
	at org.testng.internal.TestMethodWorker.run(TestMethodWorker.java:108)
	at org.testng.TestRunner.privateRun(TestRunner.java:771)
	at org.testng.TestRunner.run(TestRunner.java:621)
	at org.testng.SuiteRunner.runTest(SuiteRunner.java:357)
	at org.testng.SuiteRunner.runSequentially(SuiteRunner.java:352)
	at org.testng.SuiteRunner.privateRun(SuiteRunner.java:310)
	at org.testng.SuiteRunner.run(SuiteRunner.java:259)
	at org.testng.SuiteRunnerWorker.runSuite(SuiteRunnerWorker.java:52)
	at org.testng.SuiteRunnerWorker.run(SuiteRunnerWorker.java:86)
	at org.testng.TestNG.runSuitesSequentially(TestNG.java:1199)
	at org.testng.TestNG.runSuitesLocally(TestNG.java:1124)
	at org.testng.TestNG.run(TestNG.java:1032)
	at org.testng.remote.AbstractRemoteTestNG.run(AbstractRemoteTestNG.java:132)
	at org.testng.remote.RemoteTestNG.initAndRun(RemoteTestNG.java:230)
	at org.testng.remote.RemoteTestNG.main(RemoteTestNG.java:76)
]]>
            </full-stacktrace>
          </exception> <!-- java.lang.AssertionError -->
          <reporter-output>
          </reporter-output>
        </test-method> <!-- verifyStatusLink -->
        <test-method status="PASS" signature="tearDown()[pri:0, instance:tests.QueryActionTest@1d2a7e8]" name="tearDown" is-config="true" duration-ms="818" started-at="2017-11-21T16:14:13Z" finished-at="2017-11-21T16:14:13Z">
          <reporter-output>
          </reporter-output>
        </test-method> <!-- tearDown -->
      </class> <!-- tests.QueryActionTest -->
    </test> <!-- QueryAction -->
    <test name="QueryAction Via Email" duration-ms="114844" started-at="2017-11-21T10:44:13Z" finished-at="2017-11-21T10:46:08Z">
      <class name="tests.QueryEmailTriggerTest">
        <test-method status="PASS" signature="start()[pri:0, instance:tests.QueryEmailTriggerTest@285225]" name="start" is-config="true" duration-ms="9661" started-at="2017-11-21T16:14:13Z" finished-at="2017-11-21T16:14:23Z">
          <reporter-output>
          </reporter-output>
        </test-method> <!-- start -->
        <test-method status="PASS" signature="loginWithValidCredentials()[pri:0, instance:tests.QueryEmailTriggerTest@285225]" name="loginWithValidCredentials" duration-ms="84811" started-at="2017-11-21T16:14:23Z" finished-at="2017-11-21T16:15:48Z">
          <reporter-output>
          </reporter-output>
        </test-method> <!-- loginWithValidCredentials -->
        <test-method status="PASS" signature="sendQuery()[pri:0, instance:tests.QueryEmailTriggerTest@285225]" name="sendQuery" duration-ms="19626" started-at="2017-11-21T16:15:48Z" finished-at="2017-11-21T16:16:07Z">
          <reporter-output>
          </reporter-output>
        </test-method> <!-- sendQuery -->
        <test-method status="PASS" signature="tearDown()[pri:0, instance:tests.QueryEmailTriggerTest@285225]" name="tearDown" is-config="true" duration-ms="731" started-at="2017-11-21T16:16:07Z" finished-at="2017-11-21T16:16:08Z">
          <reporter-output>
          </reporter-output>
        </test-method> <!-- tearDown -->
      </class> <!-- tests.QueryEmailTriggerTest -->
    </test> <!-- QueryAction Via Email -->
    <test name="RespondToQuery" duration-ms="116728" started-at="2017-11-21T10:46:08Z" finished-at="2017-11-21T10:48:05Z">
      <class name="tests.RespondFunctionalityTest">
        <test-method status="PASS" signature="start()[pri:0, instance:tests.RespondFunctionalityTest@1af5db5]" name="start" is-config="true" duration-ms="9462" started-at="2017-11-21T16:16:08Z" finished-at="2017-11-21T16:16:18Z">
          <reporter-output>
          </reporter-output>
        </test-method> <!-- start -->
        <test-method status="PASS" signature="loginWithValidCredentials()[pri:0, instance:tests.RespondFunctionalityTest@1af5db5]" name="loginWithValidCredentials" duration-ms="82347" started-at="2017-11-21T16:16:18Z" finished-at="2017-11-21T16:17:40Z">
          <reporter-output>
          </reporter-output>
        </test-method> <!-- loginWithValidCredentials -->
        <test-method status="PASS" signature="sendQuery()[pri:0, instance:tests.RespondFunctionalityTest@1af5db5]" name="sendQuery" duration-ms="12446" started-at="2017-11-21T16:17:40Z" finished-at="2017-11-21T16:17:52Z">
          <reporter-output>
          </reporter-output>
        </test-method> <!-- sendQuery -->
        <test-method status="PASS" signature="verifyValidationMsgRespond()[pri:0, instance:tests.RespondFunctionalityTest@1af5db5]" name="verifyValidationMsgRespond" duration-ms="3915" started-at="2017-11-21T16:17:52Z" finished-at="2017-11-21T16:17:56Z">
          <reporter-output>
          </reporter-output>
        </test-method> <!-- verifyValidationMsgRespond -->
        <test-method status="PASS" signature="statusVerifyOnNotRespond()[pri:0, instance:tests.RespondFunctionalityTest@1af5db5]" name="statusVerifyOnNotRespond" duration-ms="3533" started-at="2017-11-21T16:17:56Z" finished-at="2017-11-21T16:18:00Z">
          <reporter-output>
          </reporter-output>
        </test-method> <!-- statusVerifyOnNotRespond -->
        <test-method status="PASS" signature="respondToQuery()[pri:0, instance:tests.RespondFunctionalityTest@1af5db5]" name="respondToQuery" duration-ms="3509" started-at="2017-11-21T16:18:00Z" finished-at="2017-11-21T16:18:03Z">
          <reporter-output>
          </reporter-output>
        </test-method> <!-- respondToQuery -->
        <test-method status="PASS" signature="verifyQueryLink()[pri:0, instance:tests.RespondFunctionalityTest@1af5db5]" name="verifyQueryLink" duration-ms="192" started-at="2017-11-21T16:18:03Z" finished-at="2017-11-21T16:18:04Z">
          <reporter-output>
          </reporter-output>
        </test-method> <!-- verifyQueryLink -->
        <test-method status="FAIL" signature="verifyStatusLink()[pri:0, instance:tests.RespondFunctionalityTest@1af5db5]" name="verifyStatusLink" duration-ms="270" started-at="2017-11-21T16:18:04Z" finished-at="2017-11-21T16:18:04Z">
          <exception class="java.lang.AssertionError">
            <message>
              <![CDATA[The following asserts failed:
expected [185154] but found [1]]]>
            </message>
            <full-stacktrace>
              <![CDATA[java.lang.AssertionError: The following asserts failed:
expected [185154] but found [1]
	at org.testng.asserts.SoftAssert.assertAll(SoftAssert.java:38)
	at steps.ActiveProjectsSteps.verifyingStatusLnkSteps(ActiveProjectsSteps.java:105)
	at tests.RespondFunctionalityTest.verifyStatusLink(RespondFunctionalityTest.java:79)
	at sun.reflect.NativeMethodAccessorImpl.invoke0(Native Method)
	at sun.reflect.NativeMethodAccessorImpl.invoke(Unknown Source)
	at sun.reflect.DelegatingMethodAccessorImpl.invoke(Unknown Source)
	at java.lang.reflect.Method.invoke(Unknown Source)
	at org.testng.internal.MethodInvocationHelper.invokeMethod(MethodInvocationHelper.java:85)
	at org.testng.internal.Invoker.invokeMethod(Invoker.java:659)
	at org.testng.internal.Invoker.invokeTestMethod(Invoker.java:845)
	at org.testng.internal.Invoker.invokeTestMethods(Invoker.java:1153)
	at org.testng.internal.TestMethodWorker.invokeTestMethods(TestMethodWorker.java:125)
	at org.testng.internal.TestMethodWorker.run(TestMethodWorker.java:108)
	at org.testng.TestRunner.privateRun(TestRunner.java:771)
	at org.testng.TestRunner.run(TestRunner.java:621)
	at org.testng.SuiteRunner.runTest(SuiteRunner.java:357)
	at org.testng.SuiteRunner.runSequentially(SuiteRunner.java:352)
	at org.testng.SuiteRunner.privateRun(SuiteRunner.java:310)
	at org.testng.SuiteRunner.run(SuiteRunner.java:259)
	at org.testng.SuiteRunnerWorker.runSuite(SuiteRunnerWorker.java:52)
	at org.testng.SuiteRunnerWorker.run(SuiteRunnerWorker.java:86)
	at org.testng.TestNG.runSuitesSequentially(TestNG.java:1199)
	at org.testng.TestNG.runSuitesLocally(TestNG.java:1124)
	at org.testng.TestNG.run(TestNG.java:1032)
	at org.testng.remote.AbstractRemoteTestNG.run(AbstractRemoteTestNG.java:132)
	at org.testng.remote.RemoteTestNG.initAndRun(RemoteTestNG.java:230)
	at org.testng.remote.RemoteTestNG.main(RemoteTestNG.java:76)
]]>
            </full-stacktrace>
          </exception> <!-- java.lang.AssertionError -->
          <reporter-output>
          </reporter-output>
        </test-method> <!-- verifyStatusLink -->
        <test-method status="PASS" signature="tearDown()[pri:0, instance:tests.RespondFunctionalityTest@1af5db5]" name="tearDown" is-config="true" duration-ms="683" started-at="2017-11-21T16:18:04Z" finished-at="2017-11-21T16:18:05Z">
          <reporter-output>
          </reporter-output>
        </test-method> <!-- tearDown -->
      </class> <!-- tests.RespondFunctionalityTest -->
    </test> <!-- RespondToQuery -->
    <test name="RespondToQuery Via Email" duration-ms="148536" started-at="2017-11-21T10:48:05Z" finished-at="2017-11-21T10:50:33Z">
      <class name="tests.RespondViaMailTest">
        <test-method status="PASS" signature="start()[pri:0, instance:tests.RespondViaMailTest@169c6ba]" name="start" is-config="true" duration-ms="19815" started-at="2017-11-21T16:18:05Z" finished-at="2017-11-21T16:18:25Z">
          <reporter-output>
          </reporter-output>
        </test-method> <!-- start -->
        <test-method status="PASS" signature="sendQuery()[pri:0, instance:tests.RespondViaMailTest@169c6ba]" name="sendQuery" duration-ms="45392" started-at="2017-11-21T16:18:25Z" finished-at="2017-11-21T16:19:10Z">
          <reporter-output>
          </reporter-output>
        </test-method> <!-- sendQuery -->
        <test-method status="PASS" signature="respondingViaMailWhileLogin()[pri:0, instance:tests.RespondViaMailTest@169c6ba]" name="respondingViaMailWhileLogin" duration-ms="39190" started-at="2017-11-21T16:19:10Z" finished-at="2017-11-21T16:19:49Z">
          <reporter-output>
          </reporter-output>
        </test-method> <!-- respondingViaMailWhileLogin -->
        <test-method status="PASS" signature="verifyQueryLink()[pri:0, instance:tests.RespondViaMailTest@169c6ba]" name="verifyQueryLink" duration-ms="11465" started-at="2017-11-21T16:19:49Z" finished-at="2017-11-21T16:20:01Z">
          <reporter-output>
          </reporter-output>
        </test-method> <!-- verifyQueryLink -->
        <test-method status="FAIL" signature="verifyStatusLink()[pri:0, instance:tests.RespondViaMailTest@169c6ba]" name="verifyStatusLink" duration-ms="147" started-at="2017-11-21T16:20:01Z" finished-at="2017-11-21T16:20:01Z">
          <exception class="java.lang.AssertionError">
            <message>
              <![CDATA[The following asserts failed:
expected [true] but found [false], expected [true] but found [false]]]>
            </message>
            <full-stacktrace>
              <![CDATA[java.lang.AssertionError: The following asserts failed:
expected [true] but found [false], expected [true] but found [false]
	at org.testng.asserts.SoftAssert.assertAll(SoftAssert.java:38)
	at steps.ActiveProjectsSteps.verifyingStatusLnkSteps(ActiveProjectsSteps.java:105)
	at tests.RespondViaMailTest.verifyStatusLink(RespondViaMailTest.java:62)
	at sun.reflect.NativeMethodAccessorImpl.invoke0(Native Method)
	at sun.reflect.NativeMethodAccessorImpl.invoke(Unknown Source)
	at sun.reflect.DelegatingMethodAccessorImpl.invoke(Unknown Source)
	at java.lang.reflect.Method.invoke(Unknown Source)
	at org.testng.internal.MethodInvocationHelper.invokeMethod(MethodInvocationHelper.java:85)
	at org.testng.internal.Invoker.invokeMethod(Invoker.java:659)
	at org.testng.internal.Invoker.invokeTestMethod(Invoker.java:845)
	at org.testng.internal.Invoker.invokeTestMethods(Invoker.java:1153)
	at org.testng.internal.TestMethodWorker.invokeTestMethods(TestMethodWorker.java:125)
	at org.testng.internal.TestMethodWorker.run(TestMethodWorker.java:108)
	at org.testng.TestRunner.privateRun(TestRunner.java:771)
	at org.testng.TestRunner.run(TestRunner.java:621)
	at org.testng.SuiteRunner.runTest(SuiteRunner.java:357)
	at org.testng.SuiteRunner.runSequentially(SuiteRunner.java:352)
	at org.testng.SuiteRunner.privateRun(SuiteRunner.java:310)
	at org.testng.SuiteRunner.run(SuiteRunner.java:259)
	at org.testng.SuiteRunnerWorker.runSuite(SuiteRunnerWorker.java:52)
	at org.testng.SuiteRunnerWorker.run(SuiteRunnerWorker.java:86)
	at org.testng.TestNG.runSuitesSequentially(TestNG.java:1199)
	at org.testng.TestNG.runSuitesLocally(TestNG.java:1124)
	at org.testng.TestNG.run(TestNG.java:1032)
	at org.testng.remote.AbstractRemoteTestNG.run(AbstractRemoteTestNG.java:132)
	at org.testng.remote.RemoteTestNG.initAndRun(RemoteTestNG.java:230)
	at org.testng.remote.RemoteTestNG.main(RemoteTestNG.java:76)
]]>
            </full-stacktrace>
          </exception> <!-- java.lang.AssertionError -->
          <reporter-output>
          </reporter-output>
        </test-method> <!-- verifyStatusLink -->
        <test-method status="PASS" signature="respondingViaMailNotLogin()[pri:0, instance:tests.RespondViaMailTest@169c6ba]" name="respondingViaMailNotLogin" duration-ms="31431" started-at="2017-11-21T16:20:01Z" finished-at="2017-11-21T16:20:33Z">
          <reporter-output>
          </reporter-output>
        </test-method> <!-- respondingViaMailNotLogin -->
        <test-method status="PASS" signature="tearDown()[pri:0, instance:tests.RespondViaMailTest@169c6ba]" name="tearDown" is-config="true" duration-ms="703" started-at="2017-11-21T16:20:33Z" finished-at="2017-11-21T16:20:33Z">
          <reporter-output>
          </reporter-output>
        </test-method> <!-- tearDown -->
      </class> <!-- tests.RespondViaMailTest -->
    </test> <!-- RespondToQuery Via Email -->
    <test name="ChangePassword" duration-ms="61038" started-at="2017-11-21T10:50:34Z" finished-at="2017-11-21T10:51:35Z">
      <class name="tests.ChangePasswordTest">
        <test-method status="PASS" signature="start()[pri:0, instance:tests.ChangePasswordTest@3d45bd]" name="start" is-config="true" duration-ms="9557" started-at="2017-11-21T16:20:34Z" finished-at="2017-11-21T16:20:43Z">
          <reporter-output>
          </reporter-output>
        </test-method> <!-- start -->
        <test-method status="PASS" signature="loginWithValidCredentials()[pri:0, instance:tests.ChangePasswordTest@3d45bd]" name="loginWithValidCredentials" duration-ms="30041" started-at="2017-11-21T16:20:43Z" finished-at="2017-11-21T16:21:13Z">
          <reporter-output>
          </reporter-output>
        </test-method> <!-- loginWithValidCredentials -->
        <test-method status="PASS" signature="verifyValidationMsg()[pri:0, instance:tests.ChangePasswordTest@3d45bd]" name="verifyValidationMsg" duration-ms="3194" started-at="2017-11-21T16:21:13Z" finished-at="2017-11-21T16:21:16Z">
          <reporter-output>
          </reporter-output>
        </test-method> <!-- verifyValidationMsg -->
        <test-method status="PASS" signature="changePassword()[pri:0, instance:tests.ChangePasswordTest@3d45bd]" name="changePassword" duration-ms="8209" started-at="2017-11-21T16:21:16Z" finished-at="2017-11-21T16:21:25Z">
          <reporter-output>
          </reporter-output>
        </test-method> <!-- changePassword -->
        <test-method status="PASS" signature="verifyChangePassword()[pri:0, instance:tests.ChangePasswordTest@3d45bd]" name="verifyChangePassword" duration-ms="9251" started-at="2017-11-21T16:21:25Z" finished-at="2017-11-21T16:21:34Z">
          <reporter-output>
          </reporter-output>
        </test-method> <!-- verifyChangePassword -->
        <test-method status="PASS" signature="tearDown()[pri:0, instance:tests.ChangePasswordTest@3d45bd]" name="tearDown" is-config="true" duration-ms="773" started-at="2017-11-21T16:21:34Z" finished-at="2017-11-21T16:21:35Z">
          <reporter-output>
          </reporter-output>
        </test-method> <!-- tearDown -->
      </class> <!-- tests.ChangePasswordTest -->
    </test> <!-- ChangePassword -->
    <test name="UploadProfilePic" duration-ms="229211" started-at="2017-11-21T10:51:35Z" finished-at="2017-11-21T10:55:24Z">
      <class name="tests.UploadProfilePicTest">
        <test-method status="PASS" signature="start()[pri:0, instance:tests.UploadProfilePicTest@1758f2a]" name="start" is-config="true" duration-ms="9824" started-at="2017-11-21T16:21:35Z" finished-at="2017-11-21T16:21:44Z">
          <reporter-output>
          </reporter-output>
        </test-method> <!-- start -->
        <test-method status="PASS" signature="loginWithValidCredentials()[pri:0, instance:tests.UploadProfilePicTest@1758f2a]" name="loginWithValidCredentials" duration-ms="194217" started-at="2017-11-21T16:21:44Z" finished-at="2017-11-21T16:24:59Z">
          <reporter-output>
          </reporter-output>
        </test-method> <!-- loginWithValidCredentials -->
        <test-method status="PASS" signature="uploadProfile()[pri:0, instance:tests.UploadProfilePicTest@1758f2a]" name="uploadProfile" duration-ms="24472" started-at="2017-11-21T16:24:59Z" finished-at="2017-11-21T16:25:23Z">
          <reporter-output>
          </reporter-output>
        </test-method> <!-- uploadProfile -->
        <test-method status="PASS" signature="tearDown()[pri:0, instance:tests.UploadProfilePicTest@1758f2a]" name="tearDown" is-config="true" duration-ms="693" started-at="2017-11-21T16:25:23Z" finished-at="2017-11-21T16:25:24Z">
          <reporter-output>
          </reporter-output>
        </test-method> <!-- tearDown -->
      </class> <!-- tests.UploadProfilePicTest -->
    </test> <!-- UploadProfilePic -->
    <test name="ActivityFeedFunctionality" duration-ms="57178" started-at="2017-11-21T10:55:24Z" finished-at="2017-11-21T10:56:21Z">
      <class name="tests.ActivityFeedFunctionalityTest">
        <test-method status="PASS" signature="start()[pri:0, instance:tests.ActivityFeedFunctionalityTest@d1af89]" name="start" is-config="true" duration-ms="22800" started-at="2017-11-21T16:25:24Z" finished-at="2017-11-21T16:25:47Z">
          <reporter-output>
          </reporter-output>
        </test-method> <!-- start -->
        <test-method status="FAIL" signature="activityFeedFunctionality()[pri:0, instance:tests.ActivityFeedFunctionalityTest@d1af89]" name="activityFeedFunctionality" duration-ms="33202" started-at="2017-11-21T16:25:47Z" finished-at="2017-11-21T16:26:20Z">
          <exception class="org.openqa.selenium.WebDriverException">
            <message>
              <![CDATA[unknown error: Element <a href="javascript:void(0);" onclick="chat_fun('861251','My Test Project  412_2017-10-12')" class="btn blue icn-only" style="height:33px;margin-top:9px;">...</a> is not clickable at point (1261, 314). Other element would receive the click: <div class="blockUI blockOverlay" style="z-index: 1000; border: none; margin: 0px; padding: 0px; width: 100%; height: 100%; top: 0px; left: 0px; background-color: rgb(0, 0, 0); opacity: 0.1; cursor: wait; position: absolute;"></div>
  (Session info: chrome=62.0.3202.94)
  (Driver info: chromedriver=2.33.506120 (e3e53437346286c0bc2d2dc9aa4915ba81d9023f),platform=Windows NT 6.1.7601 SP1 x86) (WARNING: The server did not provide any stacktrace information)
Command duration or timeout: 0 milliseconds
Build info: version: '3.5.3', revision: 'a88d25fe6b', time: '2017-08-29T12:42:44.417Z'
System info: host: 'ABC-PC', ip: '192.168.0.2', os.name: 'Windows 7', os.arch: 'x86', os.version: '6.1', java.version: '1.8.0_144'
Driver info: org.openqa.selenium.chrome.ChromeDriver
Capabilities [{mobileEmulationEnabled=false, hasTouchScreen=false, platform=XP, acceptSslCerts=true, webStorageEnabled=true, browserName=chrome, takesScreenshot=true, javascriptEnabled=true, platformName=XP, setWindowRect=true, unexpectedAlertBehaviour=, applicationCacheEnabled=false, rotatable=false, networkConnectionEnabled=false, chrome={chromedriverVersion=2.33.506120 (e3e53437346286c0bc2d2dc9aa4915ba81d9023f), userDataDir=C:\Users\abc\AppData\Local\Temp\scoped_dir2952_12804}, takesHeapSnapshot=true, pageLoadStrategy=normal, unhandledPromptBehavior=, databaseEnabled=false, handlesAlerts=true, version=62.0.3202.94, browserConnectionEnabled=false, nativeEvents=true, locationContextEnabled=true, cssSelectorsEnabled=true}]
Session ID: 797351908a605dc2e0d180dce4c01304]]>
            </message>
            <full-stacktrace>
              <![CDATA[org.openqa.selenium.WebDriverException: unknown error: Element <a href="javascript:void(0);" onclick="chat_fun('861251','My Test Project  412_2017-10-12')" class="btn blue icn-only" style="height:33px;margin-top:9px;">...</a> is not clickable at point (1261, 314). Other element would receive the click: <div class="blockUI blockOverlay" style="z-index: 1000; border: none; margin: 0px; padding: 0px; width: 100%; height: 100%; top: 0px; left: 0px; background-color: rgb(0, 0, 0); opacity: 0.1; cursor: wait; position: absolute;"></div>
  (Session info: chrome=62.0.3202.94)
  (Driver info: chromedriver=2.33.506120 (e3e53437346286c0bc2d2dc9aa4915ba81d9023f),platform=Windows NT 6.1.7601 SP1 x86) (WARNING: The server did not provide any stacktrace information)
Command duration or timeout: 0 milliseconds
Build info: version: '3.5.3', revision: 'a88d25fe6b', time: '2017-08-29T12:42:44.417Z'
System info: host: 'ABC-PC', ip: '192.168.0.2', os.name: 'Windows 7', os.arch: 'x86', os.version: '6.1', java.version: '1.8.0_144'
Driver info: org.openqa.selenium.chrome.ChromeDriver
Capabilities [{mobileEmulationEnabled=false, hasTouchScreen=false, platform=XP, acceptSslCerts=true, webStorageEnabled=true, browserName=chrome, takesScreenshot=true, javascriptEnabled=true, platformName=XP, setWindowRect=true, unexpectedAlertBehaviour=, applicationCacheEnabled=false, rotatable=false, networkConnectionEnabled=false, chrome={chromedriverVersion=2.33.506120 (e3e53437346286c0bc2d2dc9aa4915ba81d9023f), userDataDir=C:\Users\abc\AppData\Local\Temp\scoped_dir2952_12804}, takesHeapSnapshot=true, pageLoadStrategy=normal, unhandledPromptBehavior=, databaseEnabled=false, handlesAlerts=true, version=62.0.3202.94, browserConnectionEnabled=false, nativeEvents=true, locationContextEnabled=true, cssSelectorsEnabled=true}]
Session ID: 797351908a605dc2e0d180dce4c01304
	at sun.reflect.NativeConstructorAccessorImpl.newInstance0(Native Method)
	at sun.reflect.NativeConstructorAccessorImpl.newInstance(Unknown Source)
	at sun.reflect.DelegatingConstructorAccessorImpl.newInstance(Unknown Source)
	at java.lang.reflect.Constructor.newInstance(Unknown Source)
	at org.openqa.selenium.remote.ErrorHandler.createThrowable(ErrorHandler.java:215)
	at org.openqa.selenium.remote.ErrorHandler.throwIfResponseFailed(ErrorHandler.java:167)
	at org.openqa.selenium.remote.http.JsonHttpResponseCodec.reconstructValue(JsonHttpResponseCodec.java:40)
	at org.openqa.selenium.remote.http.AbstractHttpResponseCodec.decode(AbstractHttpResponseCodec.java:82)
	at org.openqa.selenium.remote.http.AbstractHttpResponseCodec.decode(AbstractHttpResponseCodec.java:45)
	at org.openqa.selenium.remote.HttpCommandExecutor.execute(HttpCommandExecutor.java:164)
	at org.openqa.selenium.remote.service.DriverCommandExecutor.execute(DriverCommandExecutor.java:82)
	at org.openqa.selenium.remote.RemoteWebDriver.execute(RemoteWebDriver.java:646)
	at org.openqa.selenium.remote.RemoteWebElement.execute(RemoteWebElement.java:275)
	at org.openqa.selenium.remote.RemoteWebElement.click(RemoteWebElement.java:82)
	at pages.ActivityFeedPage.clickOnPostCommentIcon(ActivityFeedPage.java:170)
	at steps.ActivityFeedSteps.commentOnProjectSteps(ActivityFeedSteps.java:85)
	at tests.ActivityFeedFunctionalityTest.activityFeedFunctionality(ActivityFeedFunctionalityTest.java:49)
	at sun.reflect.NativeMethodAccessorImpl.invoke0(Native Method)
	at sun.reflect.NativeMethodAccessorImpl.invoke(Unknown Source)
	at sun.reflect.DelegatingMethodAccessorImpl.invoke(Unknown Source)
	at java.lang.reflect.Method.invoke(Unknown Source)
	at org.testng.internal.MethodInvocationHelper.invokeMethod(MethodInvocationHelper.java:85)
	at org.testng.internal.Invoker.invokeMethod(Invoker.java:659)
	at org.testng.internal.Invoker.invokeTestMethod(Invoker.java:845)
	at org.testng.internal.Invoker.invokeTestMethods(Invoker.java:1153)
	at org.testng.internal.TestMethodWorker.invokeTestMethods(TestMethodWorker.java:125)
	at org.testng.internal.TestMethodWorker.run(TestMethodWorker.java:108)
	at org.testng.TestRunner.privateRun(TestRunner.java:771)
	at org.testng.TestRunner.run(TestRunner.java:621)
	at org.testng.SuiteRunner.runTest(SuiteRunner.java:357)
	at org.testng.SuiteRunner.runSequentially(SuiteRunner.java:352)
	at org.testng.SuiteRunner.privateRun(SuiteRunner.java:310)
	at org.testng.SuiteRunner.run(SuiteRunner.java:259)
	at org.testng.SuiteRunnerWorker.runSuite(SuiteRunnerWorker.java:52)
	at org.testng.SuiteRunnerWorker.run(SuiteRunnerWorker.java:86)
	at org.testng.TestNG.runSuitesSequentially(TestNG.java:1199)
	at org.testng.TestNG.runSuitesLocally(TestNG.java:1124)
	at org.testng.TestNG.run(TestNG.java:1032)
	at org.testng.remote.AbstractRemoteTestNG.run(AbstractRemoteTestNG.java:132)
	at org.testng.remote.RemoteTestNG.initAndRun(RemoteTestNG.java:230)
	at org.testng.remote.RemoteTestNG.main(RemoteTestNG.java:76)
]]>
            </full-stacktrace>
          </exception> <!-- org.openqa.selenium.WebDriverException -->
          <reporter-output>
          </reporter-output>
        </test-method> <!-- activityFeedFunctionality -->
        <test-method status="PASS" signature="tearDown()[pri:0, instance:tests.ActivityFeedFunctionalityTest@d1af89]" name="tearDown" is-config="true" duration-ms="738" started-at="2017-11-21T16:26:20Z" finished-at="2017-11-21T16:26:21Z">
          <reporter-output>
          </reporter-output>
        </test-method> <!-- tearDown -->
      </class> <!-- tests.ActivityFeedFunctionalityTest -->
    </test> <!-- ActivityFeedFunctionality -->
    <test name="SharingProject" duration-ms="431121" started-at="2017-11-21T10:56:21Z" finished-at="2017-11-21T11:03:32Z">
      <class name="tests.ShareProjectTest">
        <test-method status="PASS" signature="start()[pri:0, instance:tests.ShareProjectTest@f759d7]" name="start" is-config="true" duration-ms="10487" started-at="2017-11-21T16:26:21Z" finished-at="2017-11-21T16:26:31Z">
          <reporter-output>
          </reporter-output>
        </test-method> <!-- start -->
        <test-method status="FAIL" signature="loginWithValidCredentials()[pri:0, instance:tests.ShareProjectTest@f759d7]" name="loginWithValidCredentials" duration-ms="238569" started-at="2017-11-21T16:26:31Z" finished-at="2017-11-21T16:30:30Z">
          <exception class="org.openqa.selenium.TimeoutException">
            <message>
              <![CDATA[Expected condition failed: waiting for visibility of element located by By.xpath: //img[@src='https://devso.mediaferry.com/mf-s40qa/sitetheme_new/img/loading-spinner-grey.gif'] (tried for 180 second(s) with 500 MILLISECONDS interval)]]>
            </message>
            <full-stacktrace>
              <![CDATA[org.openqa.selenium.TimeoutException: Expected condition failed: waiting for visibility of element located by By.xpath: //img[@src='https://devso.mediaferry.com/mf-s40qa/sitetheme_new/img/loading-spinner-grey.gif'] (tried for 180 second(s) with 500 MILLISECONDS interval)
	at org.openqa.selenium.support.ui.WebDriverWait.timeoutException(WebDriverWait.java:80)
	at org.openqa.selenium.support.ui.FluentWait.until(FluentWait.java:232)
	at BaseClasses.BasePage.waitForElementVisibility(BasePage.java:17)
	at pages.CreateNewProjectPage.waitForSpinnerInvisibility(CreateNewProjectPage.java:331)
	at steps.CreateNewProjectSteps.submittingJob(CreateNewProjectSteps.java:90)
	at tests.ShareProjectTest.loginWithValidCredentials(ShareProjectTest.java:42)
	at sun.reflect.NativeMethodAccessorImpl.invoke0(Native Method)
	at sun.reflect.NativeMethodAccessorImpl.invoke(Unknown Source)
	at sun.reflect.DelegatingMethodAccessorImpl.invoke(Unknown Source)
	at java.lang.reflect.Method.invoke(Unknown Source)
	at org.testng.internal.MethodInvocationHelper.invokeMethod(MethodInvocationHelper.java:85)
	at org.testng.internal.Invoker.invokeMethod(Invoker.java:659)
	at org.testng.internal.Invoker.invokeTestMethod(Invoker.java:845)
	at org.testng.internal.Invoker.invokeTestMethods(Invoker.java:1153)
	at org.testng.internal.TestMethodWorker.invokeTestMethods(TestMethodWorker.java:125)
	at org.testng.internal.TestMethodWorker.run(TestMethodWorker.java:108)
	at org.testng.TestRunner.privateRun(TestRunner.java:771)
	at org.testng.TestRunner.run(TestRunner.java:621)
	at org.testng.SuiteRunner.runTest(SuiteRunner.java:357)
	at org.testng.SuiteRunner.runSequentially(SuiteRunner.java:352)
	at org.testng.SuiteRunner.privateRun(SuiteRunner.java:310)
	at org.testng.SuiteRunner.run(SuiteRunner.java:259)
	at org.testng.SuiteRunnerWorker.runSuite(SuiteRunnerWorker.java:52)
	at org.testng.SuiteRunnerWorker.run(SuiteRunnerWorker.java:86)
	at org.testng.TestNG.runSuitesSequentially(TestNG.java:1199)
	at org.testng.TestNG.runSuitesLocally(TestNG.java:1124)
	at org.testng.TestNG.run(TestNG.java:1032)
	at org.testng.remote.AbstractRemoteTestNG.run(AbstractRemoteTestNG.java:132)
	at org.testng.remote.RemoteTestNG.initAndRun(RemoteTestNG.java:230)
	at org.testng.remote.RemoteTestNG.main(RemoteTestNG.java:76)
Caused by: org.openqa.selenium.NoSuchElementException: Cannot locate an element using By.xpath: //img[@src='https://devso.mediaferry.com/mf-s40qa/sitetheme_new/img/loading-spinner-grey.gif']
For documentation on this error, please visit: http://seleniumhq.org/exceptions/no_such_element.html
Build info: version: '3.5.3', revision: 'a88d25fe6b', time: '2017-08-29T12:42:44.417Z'
System info: host: 'ABC-PC', ip: '192.168.0.2', os.name: 'Windows 7', os.arch: 'x86', os.version: '6.1', java.version: '1.8.0_144'
Driver info: driver.version: unknown
	at org.openqa.selenium.support.ui.ExpectedConditions.lambda$findElement$0(ExpectedConditions.java:883)
	at java.util.Optional.orElseThrow(Unknown Source)
	at org.openqa.selenium.support.ui.ExpectedConditions.findElement(ExpectedConditions.java:882)
	at org.openqa.selenium.support.ui.ExpectedConditions.access$000(ExpectedConditions.java:44)
	at org.openqa.selenium.support.ui.ExpectedConditions$7.apply(ExpectedConditions.java:206)
	at org.openqa.selenium.support.ui.ExpectedConditions$7.apply(ExpectedConditions.java:202)
	at org.openqa.selenium.support.ui.FluentWait.until(FluentWait.java:209)
	... 28 more
]]>
            </full-stacktrace>
          </exception> <!-- org.openqa.selenium.TimeoutException -->
          <reporter-output>
          </reporter-output>
        </test-method> <!-- loginWithValidCredentials -->
        <test-method status="FAIL" signature="shareProject()[pri:0, instance:tests.ShareProjectTest@f759d7]" name="shareProject" duration-ms="180516" started-at="2017-11-21T16:30:30Z" finished-at="2017-11-21T16:33:31Z">
          <exception class="org.openqa.selenium.TimeoutException">
            <message>
              <![CDATA[Expected condition failed: waiting for visibility of element located by By.id: f_project (tried for 180 second(s) with 500 MILLISECONDS interval)]]>
            </message>
            <full-stacktrace>
              <![CDATA[org.openqa.selenium.TimeoutException: Expected condition failed: waiting for visibility of element located by By.id: f_project (tried for 180 second(s) with 500 MILLISECONDS interval)
	at org.openqa.selenium.support.ui.WebDriverWait.timeoutException(WebDriverWait.java:80)
	at org.openqa.selenium.support.ui.FluentWait.until(FluentWait.java:232)
	at BaseClasses.BasePage.waitForElementVisibility(BasePage.java:17)
	at pages.ActiveProjectsPage.enterProjectNameInSearchField(ActiveProjectsPage.java:46)
	at steps.ActiveProjectsSteps.selectProject(ActiveProjectsSteps.java:18)
	at tests.ShareProjectTest.shareProject(ShareProjectTest.java:49)
	at sun.reflect.NativeMethodAccessorImpl.invoke0(Native Method)
	at sun.reflect.NativeMethodAccessorImpl.invoke(Unknown Source)
	at sun.reflect.DelegatingMethodAccessorImpl.invoke(Unknown Source)
	at java.lang.reflect.Method.invoke(Unknown Source)
	at org.testng.internal.MethodInvocationHelper.invokeMethod(MethodInvocationHelper.java:85)
	at org.testng.internal.Invoker.invokeMethod(Invoker.java:659)
	at org.testng.internal.Invoker.invokeTestMethod(Invoker.java:845)
	at org.testng.internal.Invoker.invokeTestMethods(Invoker.java:1153)
	at org.testng.internal.TestMethodWorker.invokeTestMethods(TestMethodWorker.java:125)
	at org.testng.internal.TestMethodWorker.run(TestMethodWorker.java:108)
	at org.testng.TestRunner.privateRun(TestRunner.java:771)
	at org.testng.TestRunner.run(TestRunner.java:621)
	at org.testng.SuiteRunner.runTest(SuiteRunner.java:357)
	at org.testng.SuiteRunner.runSequentially(SuiteRunner.java:352)
	at org.testng.SuiteRunner.privateRun(SuiteRunner.java:310)
	at org.testng.SuiteRunner.run(SuiteRunner.java:259)
	at org.testng.SuiteRunnerWorker.runSuite(SuiteRunnerWorker.java:52)
	at org.testng.SuiteRunnerWorker.run(SuiteRunnerWorker.java:86)
	at org.testng.TestNG.runSuitesSequentially(TestNG.java:1199)
	at org.testng.TestNG.runSuitesLocally(TestNG.java:1124)
	at org.testng.TestNG.run(TestNG.java:1032)
	at org.testng.remote.AbstractRemoteTestNG.run(AbstractRemoteTestNG.java:132)
	at org.testng.remote.RemoteTestNG.initAndRun(RemoteTestNG.java:230)
	at org.testng.remote.RemoteTestNG.main(RemoteTestNG.java:76)
Caused by: org.openqa.selenium.NoSuchElementException: Cannot locate an element using By.id: f_project
For documentation on this error, please visit: http://seleniumhq.org/exceptions/no_such_element.html
Build info: version: '3.5.3', revision: 'a88d25fe6b', time: '2017-08-29T12:42:44.417Z'
System info: host: 'ABC-PC', ip: '192.168.0.2', os.name: 'Windows 7', os.arch: 'x86', os.version: '6.1', java.version: '1.8.0_144'
Driver info: driver.version: unknown
	at org.openqa.selenium.support.ui.ExpectedConditions.lambda$findElement$0(ExpectedConditions.java:883)
	at java.util.Optional.orElseThrow(Unknown Source)
	at org.openqa.selenium.support.ui.ExpectedConditions.findElement(ExpectedConditions.java:882)
	at org.openqa.selenium.support.ui.ExpectedConditions.access$000(ExpectedConditions.java:44)
	at org.openqa.selenium.support.ui.ExpectedConditions$7.apply(ExpectedConditions.java:206)
	at org.openqa.selenium.support.ui.ExpectedConditions$7.apply(ExpectedConditions.java:202)
	at org.openqa.selenium.support.ui.FluentWait.until(FluentWait.java:209)
	... 28 more
]]>
            </full-stacktrace>
          </exception> <!-- org.openqa.selenium.TimeoutException -->
          <reporter-output>
          </reporter-output>
        </test-method> <!-- shareProject -->
        <test-method status="PASS" signature="tearDown()[pri:0, instance:tests.ShareProjectTest@f759d7]" name="tearDown" is-config="true" duration-ms="749" started-at="2017-11-21T16:33:31Z" finished-at="2017-11-21T16:33:32Z">
          <reporter-output>
          </reporter-output>
        </test-method> <!-- tearDown -->
      </class> <!-- tests.ShareProjectTest -->
    </test> <!-- SharingProject -->
    <test name="ProofingComponent" duration-ms="603754" started-at="2017-11-21T11:03:32Z" finished-at="2017-11-21T11:13:36Z">
      <class name="tests.ProofingComponentTest">
        <test-method status="PASS" signature="start()[pri:0, instance:tests.ProofingComponentTest@13a3d88]" name="start" is-config="true" duration-ms="10651" started-at="2017-11-21T16:33:32Z" finished-at="2017-11-21T16:33:43Z">
          <reporter-output>
          </reporter-output>
        </test-method> <!-- start -->
        <test-method status="FAIL" signature="creatingNewProject()[pri:0, instance:tests.ProofingComponentTest@13a3d88]" name="creatingNewProject" duration-ms="411205" started-at="2017-11-21T16:33:43Z" finished-at="2017-11-21T16:40:34Z">
          <exception class="org.openqa.selenium.TimeoutException">
            <message>
              <![CDATA[Expected condition failed: waiting for visibility of element located by By.xpath: //img[@src='https://devso.mediaferry.com/mf-s40qa/sitetheme_new/img/loading-spinner-grey.gif'] (tried for 180 second(s) with 500 MILLISECONDS interval)]]>
            </message>
            <full-stacktrace>
              <![CDATA[org.openqa.selenium.TimeoutException: Expected condition failed: waiting for visibility of element located by By.xpath: //img[@src='https://devso.mediaferry.com/mf-s40qa/sitetheme_new/img/loading-spinner-grey.gif'] (tried for 180 second(s) with 500 MILLISECONDS interval)
	at org.openqa.selenium.support.ui.WebDriverWait.timeoutException(WebDriverWait.java:80)
	at org.openqa.selenium.support.ui.FluentWait.until(FluentWait.java:232)
	at BaseClasses.BasePage.waitForElementVisibility(BasePage.java:17)
	at pages.CreateNewProjectPage.waitForSpinnerInvisibility(CreateNewProjectPage.java:331)
	at steps.CreateNewProjectSteps.submittingJob(CreateNewProjectSteps.java:90)
	at tests.ProofingComponentTest.creatingNewProject(ProofingComponentTest.java:44)
	at sun.reflect.NativeMethodAccessorImpl.invoke0(Native Method)
	at sun.reflect.NativeMethodAccessorImpl.invoke(Unknown Source)
	at sun.reflect.DelegatingMethodAccessorImpl.invoke(Unknown Source)
	at java.lang.reflect.Method.invoke(Unknown Source)
	at org.testng.internal.MethodInvocationHelper.invokeMethod(MethodInvocationHelper.java:85)
	at org.testng.internal.Invoker.invokeMethod(Invoker.java:659)
	at org.testng.internal.Invoker.invokeTestMethod(Invoker.java:845)
	at org.testng.internal.Invoker.invokeTestMethods(Invoker.java:1153)
	at org.testng.internal.TestMethodWorker.invokeTestMethods(TestMethodWorker.java:125)
	at org.testng.internal.TestMethodWorker.run(TestMethodWorker.java:108)
	at org.testng.TestRunner.privateRun(TestRunner.java:771)
	at org.testng.TestRunner.run(TestRunner.java:621)
	at org.testng.SuiteRunner.runTest(SuiteRunner.java:357)
	at org.testng.SuiteRunner.runSequentially(SuiteRunner.java:352)
	at org.testng.SuiteRunner.privateRun(SuiteRunner.java:310)
	at org.testng.SuiteRunner.run(SuiteRunner.java:259)
	at org.testng.SuiteRunnerWorker.runSuite(SuiteRunnerWorker.java:52)
	at org.testng.SuiteRunnerWorker.run(SuiteRunnerWorker.java:86)
	at org.testng.TestNG.runSuitesSequentially(TestNG.java:1199)
	at org.testng.TestNG.runSuitesLocally(TestNG.java:1124)
	at org.testng.TestNG.run(TestNG.java:1032)
	at org.testng.remote.AbstractRemoteTestNG.run(AbstractRemoteTestNG.java:132)
	at org.testng.remote.RemoteTestNG.initAndRun(RemoteTestNG.java:230)
	at org.testng.remote.RemoteTestNG.main(RemoteTestNG.java:76)
Caused by: org.openqa.selenium.NoSuchElementException: Cannot locate an element using By.xpath: //img[@src='https://devso.mediaferry.com/mf-s40qa/sitetheme_new/img/loading-spinner-grey.gif']
For documentation on this error, please visit: http://seleniumhq.org/exceptions/no_such_element.html
Build info: version: '3.5.3', revision: 'a88d25fe6b', time: '2017-08-29T12:42:44.417Z'
System info: host: 'ABC-PC', ip: '192.168.0.2', os.name: 'Windows 7', os.arch: 'x86', os.version: '6.1', java.version: '1.8.0_144'
Driver info: driver.version: unknown
	at org.openqa.selenium.support.ui.ExpectedConditions.lambda$findElement$0(ExpectedConditions.java:883)
	at java.util.Optional.orElseThrow(Unknown Source)
	at org.openqa.selenium.support.ui.ExpectedConditions.findElement(ExpectedConditions.java:882)
	at org.openqa.selenium.support.ui.ExpectedConditions.access$000(ExpectedConditions.java:44)
	at org.openqa.selenium.support.ui.ExpectedConditions$7.apply(ExpectedConditions.java:206)
	at org.openqa.selenium.support.ui.ExpectedConditions$7.apply(ExpectedConditions.java:202)
	at org.openqa.selenium.support.ui.FluentWait.until(FluentWait.java:209)
	... 28 more
]]>
            </full-stacktrace>
          </exception> <!-- org.openqa.selenium.TimeoutException -->
          <reporter-output>
          </reporter-output>
        </test-method> <!-- creatingNewProject -->
        <test-method status="FAIL" signature="proofingComponentTest()[pri:0, instance:tests.ProofingComponentTest@13a3d88]" name="proofingComponentTest" duration-ms="180067" started-at="2017-11-21T16:40:35Z" finished-at="2017-11-21T16:43:35Z">
          <exception class="org.openqa.selenium.TimeoutException">
            <message>
              <![CDATA[Expected condition failed: waiting for visibility of element located by By.id: f_project (tried for 180 second(s) with 500 MILLISECONDS interval)]]>
            </message>
            <full-stacktrace>
              <![CDATA[org.openqa.selenium.TimeoutException: Expected condition failed: waiting for visibility of element located by By.id: f_project (tried for 180 second(s) with 500 MILLISECONDS interval)
	at org.openqa.selenium.support.ui.WebDriverWait.timeoutException(WebDriverWait.java:80)
	at org.openqa.selenium.support.ui.FluentWait.until(FluentWait.java:232)
	at BaseClasses.BasePage.waitForElementVisibility(BasePage.java:17)
	at pages.ActiveProjectsPage.enterProjectNameInSearchField(ActiveProjectsPage.java:46)
	at steps.ActiveProjectsSteps.selectProjectForEdit(ActiveProjectsSteps.java:24)
	at tests.ProofingComponentTest.proofingComponentTest(ProofingComponentTest.java:51)
	at sun.reflect.NativeMethodAccessorImpl.invoke0(Native Method)
	at sun.reflect.NativeMethodAccessorImpl.invoke(Unknown Source)
	at sun.reflect.DelegatingMethodAccessorImpl.invoke(Unknown Source)
	at java.lang.reflect.Method.invoke(Unknown Source)
	at org.testng.internal.MethodInvocationHelper.invokeMethod(MethodInvocationHelper.java:85)
	at org.testng.internal.Invoker.invokeMethod(Invoker.java:659)
	at org.testng.internal.Invoker.invokeTestMethod(Invoker.java:845)
	at org.testng.internal.Invoker.invokeTestMethods(Invoker.java:1153)
	at org.testng.internal.TestMethodWorker.invokeTestMethods(TestMethodWorker.java:125)
	at org.testng.internal.TestMethodWorker.run(TestMethodWorker.java:108)
	at org.testng.TestRunner.privateRun(TestRunner.java:771)
	at org.testng.TestRunner.run(TestRunner.java:621)
	at org.testng.SuiteRunner.runTest(SuiteRunner.java:357)
	at org.testng.SuiteRunner.runSequentially(SuiteRunner.java:352)
	at org.testng.SuiteRunner.privateRun(SuiteRunner.java:310)
	at org.testng.SuiteRunner.run(SuiteRunner.java:259)
	at org.testng.SuiteRunnerWorker.runSuite(SuiteRunnerWorker.java:52)
	at org.testng.SuiteRunnerWorker.run(SuiteRunnerWorker.java:86)
	at org.testng.TestNG.runSuitesSequentially(TestNG.java:1199)
	at org.testng.TestNG.runSuitesLocally(TestNG.java:1124)
	at org.testng.TestNG.run(TestNG.java:1032)
	at org.testng.remote.AbstractRemoteTestNG.run(AbstractRemoteTestNG.java:132)
	at org.testng.remote.RemoteTestNG.initAndRun(RemoteTestNG.java:230)
	at org.testng.remote.RemoteTestNG.main(RemoteTestNG.java:76)
Caused by: org.openqa.selenium.NoSuchElementException: Cannot locate an element using By.id: f_project
For documentation on this error, please visit: http://seleniumhq.org/exceptions/no_such_element.html
Build info: version: '3.5.3', revision: 'a88d25fe6b', time: '2017-08-29T12:42:44.417Z'
System info: host: 'ABC-PC', ip: '192.168.0.2', os.name: 'Windows 7', os.arch: 'x86', os.version: '6.1', java.version: '1.8.0_144'
Driver info: driver.version: unknown
	at org.openqa.selenium.support.ui.ExpectedConditions.lambda$findElement$0(ExpectedConditions.java:883)
	at java.util.Optional.orElseThrow(Unknown Source)
	at org.openqa.selenium.support.ui.ExpectedConditions.findElement(ExpectedConditions.java:882)
	at org.openqa.selenium.support.ui.ExpectedConditions.access$000(ExpectedConditions.java:44)
	at org.openqa.selenium.support.ui.ExpectedConditions$7.apply(ExpectedConditions.java:206)
	at org.openqa.selenium.support.ui.ExpectedConditions$7.apply(ExpectedConditions.java:202)
	at org.openqa.selenium.support.ui.FluentWait.until(FluentWait.java:209)
	... 28 more
]]>
            </full-stacktrace>
          </exception> <!-- org.openqa.selenium.TimeoutException -->
          <reporter-output>
          </reporter-output>
        </test-method> <!-- proofingComponentTest -->
        <test-method status="PASS" signature="tearDown()[pri:0, instance:tests.ProofingComponentTest@13a3d88]" name="tearDown" is-config="true" duration-ms="750" started-at="2017-11-21T16:43:35Z" finished-at="2017-11-21T16:43:36Z">
          <reporter-output>
          </reporter-output>
        </test-method> <!-- tearDown -->
      </class> <!-- tests.ProofingComponentTest -->
    </test> <!-- ProofingComponent -->
    <test name="Approve Action" duration-ms="93549" started-at="2017-11-21T11:13:36Z" finished-at="2017-11-21T11:15:09Z">
      <class name="tests.ApproveActionTest">
        <test-method status="PASS" signature="start()[pri:0, instance:tests.ApproveActionTest@eebfca]" name="start" is-config="true" duration-ms="9818" started-at="2017-11-21T16:43:36Z" finished-at="2017-11-21T16:43:46Z">
          <reporter-output>
          </reporter-output>
        </test-method> <!-- start -->
        <test-method status="PASS" signature="ApproveActionFunctionality()[pri:0, instance:tests.ApproveActionTest@eebfca]" name="ApproveActionFunctionality" duration-ms="82979" started-at="2017-11-21T16:43:46Z" finished-at="2017-11-21T16:45:09Z">
          <reporter-output>
          </reporter-output>
        </test-method> <!-- ApproveActionFunctionality -->
        <test-method status="PASS" signature="tearDown()[pri:0, instance:tests.ApproveActionTest@eebfca]" name="tearDown" is-config="true" duration-ms="747" started-at="2017-11-21T16:45:09Z" finished-at="2017-11-21T16:45:09Z">
          <reporter-output>
          </reporter-output>
        </test-method> <!-- tearDown -->
      </class> <!-- tests.ApproveActionTest -->
    </test> <!-- Approve Action -->
    <test name="Global Search" duration-ms="245044" started-at="2017-11-21T11:15:09Z" finished-at="2017-11-21T11:19:15Z">
      <class name="tests.GlobalSearchTest">
        <test-method status="PASS" signature="start()[pri:0, instance:tests.GlobalSearchTest@81cdd1]" name="start" is-config="true" duration-ms="10106" started-at="2017-11-21T16:45:09Z" finished-at="2017-11-21T16:45:20Z">
          <reporter-output>
          </reporter-output>
        </test-method> <!-- start -->
        <test-method status="PASS" signature="ApproveActionFunctionality()[pri:0, instance:tests.GlobalSearchTest@81cdd1]" name="ApproveActionFunctionality" duration-ms="234139" started-at="2017-11-21T16:45:20Z" finished-at="2017-11-21T16:49:14Z">
          <reporter-output>
          </reporter-output>
        </test-method> <!-- ApproveActionFunctionality -->
        <test-method status="PASS" signature="tearDown()[pri:0, instance:tests.GlobalSearchTest@81cdd1]" name="tearDown" is-config="true" duration-ms="792" started-at="2017-11-21T16:49:14Z" finished-at="2017-11-21T16:49:15Z">
          <reporter-output>
          </reporter-output>
        </test-method> <!-- tearDown -->
      </class> <!-- tests.GlobalSearchTest -->
    </test> <!-- Global Search -->
    <test name="Proofing From Activity Feed" duration-ms="185935" started-at="2017-11-21T11:19:15Z" finished-at="2017-11-21T11:22:20Z">
      <class name="tests.ProofingFromActivityFeedTest">
        <test-method status="PASS" signature="start()[pri:0, instance:tests.ProofingFromActivityFeedTest@ac1102]" name="start" is-config="true" duration-ms="9728" started-at="2017-11-21T16:49:15Z" finished-at="2017-11-21T16:49:24Z">
          <reporter-output>
          </reporter-output>
        </test-method> <!-- start -->
        <test-method status="PASS" signature="ApproveActionFunctionality()[pri:0, instance:tests.ProofingFromActivityFeedTest@ac1102]" name="ApproveActionFunctionality" duration-ms="175436" started-at="2017-11-21T16:49:24Z" finished-at="2017-11-21T16:52:20Z">
          <reporter-output>
          </reporter-output>
        </test-method> <!-- ApproveActionFunctionality -->
        <test-method status="PASS" signature="tearDown()[pri:0, instance:tests.ProofingFromActivityFeedTest@ac1102]" name="tearDown" is-config="true" duration-ms="765" started-at="2017-11-21T16:52:20Z" finished-at="2017-11-21T16:52:20Z">
          <reporter-output>
          </reporter-output>
        </test-method> <!-- tearDown -->
      </class> <!-- tests.ProofingFromActivityFeedTest -->
    </test> <!-- Proofing From Activity Feed -->
    <test name="Proofing From Active Projects" duration-ms="200865" started-at="2017-11-21T11:22:20Z" finished-at="2017-11-21T11:25:41Z">
      <class name="tests.ProofingFromActiveProjectsTest">
        <test-method status="PASS" signature="start()[pri:0, instance:tests.ProofingFromActiveProjectsTest@1b64261]" name="start" is-config="true" duration-ms="9365" started-at="2017-11-21T16:52:20Z" finished-at="2017-11-21T16:52:30Z">
          <reporter-output>
          </reporter-output>
        </test-method> <!-- start -->
        <test-method status="PASS" signature="ApproveActionFunctionality()[pri:0, instance:tests.ProofingFromActiveProjectsTest@1b64261]" name="ApproveActionFunctionality" duration-ms="190710" started-at="2017-11-21T16:52:30Z" finished-at="2017-11-21T16:55:41Z">
          <reporter-output>
          </reporter-output>
        </test-method> <!-- ApproveActionFunctionality -->
        <test-method status="PASS" signature="tearDown()[pri:0, instance:tests.ProofingFromActiveProjectsTest@1b64261]" name="tearDown" is-config="true" duration-ms="785" started-at="2017-11-21T16:55:41Z" finished-at="2017-11-21T16:55:41Z">
          <reporter-output>
          </reporter-output>
        </test-method> <!-- tearDown -->
      </class> <!-- tests.ProofingFromActiveProjectsTest -->
    </test> <!-- Proofing From Active Projects -->
  </suite> <!-- Mediaferry_RegressionSuite -->
</testng-results>
